
<a name="output.1"></a>
<h3>Output files for usage example </h3>
<p><h3>File: qatests.server.ensembl</h3>
<table width="90%"><tr><td bgcolor="#CCFFCC">
<pre>
# /homes/user/.embossdata/qatests.server.ensembl 2012-07-15 12:00:00
# Automatically generated by cacheensembl for server 'ensembl'.

DBNAME ailuropoda_melanoleuca [
  release: "66"
  server:  "ensembl"
  special: "SpeciesPrefix=ENSAME;"
  url:     "mysql://anonymous@ensembldb.ensembl.org:5306/ailuropoda_melanoleuca_core_66_1"
]

ALIAS 9646 ailuropoda_melanoleuca
ALIAS ailmel ailuropoda_melanoleuca
ALIAS ailmel1 ailuropoda_melanoleuca
ALIAS amel ailuropoda_melanoleuca
ALIAS amelanoleuca ailuropoda_melanoleuca
ALIAS panda ailuropoda_melanoleuca

DBNAME ailuropoda_melanoleuca_otherfeatures [
  release: "66"
  server:  "ensembl"
  special: "SpeciesPrefix=ENSAME;"
  url:     "mysql://anonymous@ensembldb.ensembl.org:5306/ailuropoda_melanoleuca_otherfeatures_66_1"
]

DBNAME anolis_carolinensis [
  release: "66"
  server:  "ensembl"
  special: "SpeciesPrefix=ENSACA;"
  url:     "mysql://anonymous@ensembldb.ensembl.org:5306/anolis_carolinensis_core_66_2"
]

ALIAS 28377 anolis_carolinensis
ALIAS acar anolis_carolinensis
ALIAS acarolinensis anolis_carolinensis
ALIAS anocar anolis_carolinensis
ALIAS anolis anolis_carolinensis
ALIAS anoliscarolinensis anolis_carolinensis
ALIAS anolis_lizard anolis_carolinensis

DBNAME anolis_carolinensis_otherfeatures [
  release: "66"
  server:  "ensembl"
  special: "SpeciesPrefix=ENSACA;"
  url:     "mysql://anonymous@ensembldb.ensembl.org:5306/anolis_carolinensis_otherfeatures_66_2"
]

DBNAME bos_taurus [
  release: "66"
  server:  "ensembl"
  special: "SpeciesPrefix=ENSBTA;"


<font color=red>  [Part of this file has been deleted for brevity]</font>


ALIAS 9739 tursiops_truncatus
ALIAS dolphin tursiops_truncatus
ALIAS ttru tursiops_truncatus
ALIAS ttruncatus tursiops_truncatus
ALIAS tursiopstruncatus tursiops_truncatus
ALIAS turtru tursiops_truncatus
ALIAS turtru1 tursiops_truncatus

DBNAME vicugna_pacos [
  release: "66"
  server:  "ensembl"
  special: "SpeciesPrefix=ENSVPA;"
  url:     "mysql://anonymous@ensembldb.ensembl.org:5306/vicugna_pacos_core_66_1"
]

ALIAS 30538 vicugna_pacos
ALIAS alpaca vicugna_pacos
ALIAS vicpac vicugna_pacos
ALIAS vicpac1 vicugna_pacos
ALIAS vicugnapacos vicugna_pacos
ALIAS vpac vicugna_pacos
ALIAS vpacos vicugna_pacos

DBNAME xenopus_tropicalis [
  release: "66"
  server:  "ensembl"
  special: "SpeciesPrefix=ENSXET;"
  url:     "mysql://anonymous@ensembldb.ensembl.org:5306/xenopus_tropicalis_core_66_42"
]

ALIAS 8364 xenopus_tropicalis
ALIAS xenopus xenopus_tropicalis
ALIAS xentro xenopus_tropicalis
ALIAS xtro xenopus_tropicalis
ALIAS xtropicalis xenopus_tropicalis

DBNAME xenopus_tropicalis_otherfeatures [
  release: "66"
  server:  "ensembl"
  special: "SpeciesPrefix=ENSXET;"
  url:     "mysql://anonymous@ensembldb.ensembl.org:5306/xenopus_tropicalis_otherfeatures_66_42"
]

DBNAME xenopus_tropicalis_funcgen [
  release: "66"
  server:  "ensembl"
  special: ""
  url:     "mysql://anonymous@ensembldb.ensembl.org:5306/xenopus_tropicalis_funcgen_66_42"
]

</pre>
</td></tr></table><p>
