
<a name="output.1"></a>
<h3>Output files for usage example </h3>
<p><h3>File: qatests.server.tdbfetch</h3>
<table width="90%"><tr><td bgcolor="#CCFFCC">
<pre>
# qatests.server.tdbfetch 2012-07-15 12:00:00

DB edam [
  method: dbfetch
  hasacc: N
  format: "obo"
  edamfmt: "EDAM_format:2549"
  edamdat: "EDAM_data:2858"
  edamtpc: "EDAM_topic:0770"
  type: "text, obo"
  example: "0338, 1929, EDAM_operation:0338, EDAM_format:1929, 0000338, 0001929"
  comment: "EMBRACE Data and Methods (EDAM) Ontology."
]

DB embl [
  method: dbfetch
  hasacc: N
  format: "embl, fasta"
  edamfmt: "EDAM_format:1927, EDAM_format:2183, EDAM_format:1954, EDAM_format:2330, EDAM_format:2185, EDAM_format:2332"
  edamdat: "EDAM_data:2889, EDAM_data:2046, EDAM_data:0855, EDAM_data:2018"
  edamtpc: "EDAM_topic:3042"
  type: "text, sequence, features"
  example: "M10051, K00650, D87894, AJ242600, HSINSR, HSFOS, ROD894, LOP242600, J00231.1, K00650.1, D87894.1, AJ242600.1"
  comment: "EMBL Nucleotide Sequence Database, Europe's primary nucleotide sequence resource. The main sources of the DNA and RNA sequences in the database are submissions from individual researchers, genome sequencing projects and patent applications."
]

DB emblcds [
  method: dbfetch
  hasacc: N
  format: "embl, fasta"
  edamfmt: "EDAM_format:1927, EDAM_format:2184, EDAM_format:1954, EDAM_format:2330, EDAM_format:2332"
  edamdat: "EDAM_data:2889, EDAM_data:2046, EDAM_data:0855, EDAM_data:2018"
  edamtpc: "EDAM_topic:3042"
  type: "text, sequence, features"
  example: "AAA59452, AAA59452.1"
  comment: "EMBLCDS is a database of nucleotide sequences of the CDS (coding sequence) features, as annotated in EMBL database. EMBLCDS record contains the nucleotide sequence of the CDS region, accompanying annotation from the parent nucleotide entry and the additional automatically generated annotation."
]

DB emblcon [
  method: dbfetch
  hasacc: N
  format: "embl, fasta"
  edamfmt: "EDAM_format:1927, EDAM_format:2183, EDAM_format:1954, EDAM_format:2330, EDAM_format:2185, EDAM_format:2332"
  edamdat: "EDAM_data:2889, EDAM_data:2046, EDAM_data:0855, EDAM_data:2018"
  edamtpc: "EDAM_topic:3042"
  type: "text, sequence, features"
  example: "CH003588, CH003588.1"
  comment: "The EMBLCON database division represents complete genomes and other long sequences constructed from segment entries."
]



<font color=red>  [Part of this file has been deleted for brevity]</font>

  comment: "The UniProt Reference Clusters (UniRef) databases combine closely related sequences into a single record to speed searches. There are three different non-redundant databases with different sequence identity cut-offs. In UniRef100, UniRef90 and UniRef50 databases no pair of sequences in the representative set has &gt;100%, &gt;90% or &gt;50% mutual sequence identity. The three UniRef databases allow the user to choose between a fast search and a truly comprehensive one."
]

DB uniref50 [
  method: dbfetch
  hasacc: N
  format: "fasta"
  edamfmt: "EDAM_format:1954, EDAM_format:2332"
  edamdat: "EDAM_data:2047, EDAM_data:0849, EDAM_data:2888"
  edamtpc: "EDAM_topic:3043"
  type: "sequence"
  example: "UniRef50_P06213"
  comment: "The UniProt Reference Clusters (UniRef) databases combine closely related sequences into a single record to speed searches. There are three different non-redundant databases with different sequence identity cut-offs. In UniRef100, UniRef90 and UniRef50 databases no pair of sequences in the representative set has &gt;100%, &gt;90% or &gt;50% mutual sequence identity. The three UniRef databases allow the user to choose between a fast search and a truly comprehensive one."
]

DB uniref90 [
  method: dbfetch
  hasacc: N
  format: "fasta"
  edamfmt: "EDAM_format:1954, EDAM_format:2332"
  edamdat: "EDAM_data:2047, EDAM_data:0849, EDAM_data:2888"
  edamtpc: "EDAM_topic:3043"
  type: "sequence"
  example: "UniRef90_P06213"
  comment: "The UniProt Reference Clusters (UniRef) databases combine closely related sequences into a single record to speed searches. There are three different non-redundant databases with different sequence identity cut-offs. In UniRef100, UniRef90 and UniRef50 databases no pair of sequences in the representative set has &gt;100%, &gt;90% or &gt;50% mutual sequence identity. The three UniRef databases allow the user to choose between a fast search and a truly comprehensive one."
]

DB unisave [
  method: dbfetch
  hasacc: N
  format: "fasta, uniprot"
  edamfmt: "EDAM_format:1954, EDAM_format:1977"
  edamdat: "EDAM_data:2047, EDAM_data:2888"
  edamtpc: "EDAM_topic:3043"
  type: "text, features, sequence"
  example: "P06213, P06213.157, P06213.3, INSR_HUMAN"
  comment: "The UniProtKB Sequence/Annotation Version Archive (UniSave) is a repository of UniProtKB/Swiss-Prot and UniProtKB/TrEMBL entry versions."
]

DB uspto_prt [
  method: dbfetch
  hasacc: N
  format: "embl, fasta"
  edamfmt: "EDAM_format:1927, EDAM_format:2330, EDAM_format:1954, EDAM_format:2332"
  edamdat: "EDAM_data:0855, EDAM_data:2888, EDAM_data:2018, EDAM_data:2047"
  edamtpc: "EDAM_topic:3043"
  type: "text, sequence, features"
  example: "AAA00053, I02590, AAA00053.1"
  comment: "Protein sequences appearing in patents from the United States Patent and Trademark Office (USPTO)."
]

</pre>
</td></tr></table><p>
