
<a name="output.1"></a>
<h3>Output files for usage example </h3>
<p><h3>File: hbb_human.charge</h3>
<table width="90%"><tr><td bgcolor="#CCFFCC">
<pre>
CHARGE of HBB_HUMAN from 1 to 147: window 5

Position	Residue	Charge
1		M	0.100
2		V	0.100
3		H	-0.100
4		L	-0.400
5		T	-0.200
6		P	-0.200
7		E	-0.200
8		E	0.000
9		K	0.200
10		S	0.000
11		A	0.000
12		V	0.000
13		T	0.000
14		A	0.200
15		L	0.200
16		W	0.200
17		G	0.200
18		K	0.000
19		V	-0.400
20		N	-0.400
21		V	-0.400
22		D	-0.400
23		E	-0.400
24		V	-0.200
25		G	-0.200
26		G	-0.200
27		E	0.000
28		A	0.200
29		L	0.200
30		G	0.200
31		R	0.200
32		L	0.000
33		L	0.000
34		V	0.000
35		V	0.000
36		Y	0.000
37		P	0.200
38		W	0.200
39		T	0.200
40		Q	0.000
41		R	0.000
42		F	-0.200
43		F	-0.200
44		E	-0.400
45		S	-0.200
46		F	-0.200
47		G	-0.200


<font color=red>  [Part of this file has been deleted for brevity]</font>

93		H	0.100
94		C	0.100
95		D	0.100
96		K	0.100
97		L	-0.100
98		H	-0.300
99		V	-0.400
100		D	-0.400
101		P	0.000
102		E	0.000
103		N	0.200
104		F	0.200
105		R	0.200
106		L	0.000
107		L	0.000
108		G	0.000
109		N	0.000
110		V	0.000
111		L	0.000
112		V	0.000
113		C	0.100
114		V	0.200
115		L	0.200
116		A	0.200
117		H	0.400
118		H	0.100
119		F	0.000
120		G	0.000
121		K	0.000
122		E	-0.200
123		F	0.000
124		T	0.000
125		P	0.000
126		P	0.000
127		V	0.000
128		Q	0.000
129		A	0.200
130		A	0.200
131		Y	0.200
132		Q	0.200
133		K	0.200
134		V	0.000
135		V	0.000
136		A	0.000
137		G	0.000
138		V	0.000
139		A	0.000
140		N	0.100
141		A	0.300
142		L	0.300
143		A	0.400
</pre>
</td></tr></table><p>
