
<a name="output.1"></a>
<h3>Output files for usage example </h3>
<p><h3>File: division.lkp</h3>
<p>This file contains non-printing characters and so cannot be displayed here.
<p><h3>File: entrynam.idx</h3>
<p>This file contains non-printing characters and so cannot be displayed here.
<p><h3>File: acnum.hit</h3>
<p>This file contains non-printing characters and so cannot be displayed here.
<p><h3>File: acnum.trg</h3>
<p>This file contains non-printing characters and so cannot be displayed here.
<p><h3>File: outfile.dbifasta</h3>
<table width="90%"><tr><td bgcolor="#CCFFCC">
<pre>
########################################
# Program: dbifasta
# Rundate: Fri 15 Jan 2010 12:00:00
# Dbname: EMROD
# Release: 0.0
# Date: 15/01/10
# CurrentDirectory: /homes/user/test/qa/dbifasta-ex-keep/
# IndexDirectory: ./
# IndexDirectoryPath: /homes/user/test/qa/dbifasta-ex-keep/
# Maxindex: 0
# Fields: 2
#   Field 1: id
#   Field 2: acc
# Directory: /homes/user/test/data/
# DirectoryPath: /homes/user/test/data/
# Filenames: emrod
# Exclude: 
# Files: 1
#   File 1: /homes/user/test/data/emrod
########################################
# Commandline: dbifasta
#    -dbname EMROD
#    -idformat idacc
#    -directory ../../data
#    -filenames emrod
########################################

filename: 'emrod'
    id: 6
   acc: 6

Index acc: maxlen 6 items 6

Total 1 files 6 entries (0 duplicates)
</pre>
</td></tr></table><p>
