
<a name="output.1"></a>
<h3>Output files for usage example </h3>
<p><h3>File: drfinddata.drcat</h3>
<table width="90%"><tr><td bgcolor="#CCFFCC">
<pre>
ID      DPVweb
Name    DPVweb database of plant viruses
Desc    Information about viruses, viroids and satellites of plants, fungi and protozoa, with some additional data on related animal viruses.
URL     http://www.dpvweb.net/
Taxon   10239 | Viruses
EDAMtpc 0781 | Viruses
EDAMtpc 0780 | Plants
EDAMdat 2307 | Virus annotation
EDAMdat 2308 | Virus annotation (taxonomy)
EDAMid  2733 | Genus name (virus)
EDAMid  2734 | Family name (virus)
EDAMid  2836 | DPVweb ID
EDAMfmt 2331 | HTML
Query    Virus annotation | HTML | DPVweb ID | http://www.dpvweb.net/dpv/showdpv.php?dpvno=%s
Query    Virus annotation (taxonomy) | HTML | Family name (virus) | http://www.dpvweb.net/notes/showfamily.php?family=%s
Query    Virus annotation (taxonomy) | HTML | Genus name (virus) | http://www.dpvweb.net/notes/showgenus.php?genus=%s
Example DPVweb ID | 1
Example Family name (virus) | Alphaflexiviridae
Example Genus name (virus) | Alfamovirus

ID      RNAVirusDB
Name    RNA virus genome database (RNAVirusDB)
Desc    RNA virus genome database.
URL     http://tree.bio.ed.ac.uk/rnavirusdb
Taxon   10239 | Viruses
EDAMtpc 0781 | Viruses
EDAMdat 2307 | Virus annotation
EDAMid  2784 | RNAVirusDB ID
EDAMfmt 2331 | HTML
Query    Virus annotation | HTML | RNAVirusDB ID | http://tree.bio.ed.ac.uk/rnavirusdb/virus.php?id=%s
Example RNAVirusDB ID | 56486

</pre>
</td></tr></table><p>
