
<a name="output.1"></a>
<h3>Output files for usage example </h3>
<p><h3>File: drfindformat.drcat</h3>
<table width="90%"><tr><td bgcolor="#CCFFCC">
<pre>
ID      dbEST
Name    dbEST database of EST sequences
Desc    dbEST is a division of GenBank that contains sequence data and other information on "single-pass" cDNA sequences, or "Expressed Sequence Tags", from a number of organisms.
URL     http://www.ncbi.nlm.nih.gov/dbEST/
Cat     Not available
Taxon   1 | all
EDAMtpc 0655 | mRNA, EST or cDNA
EDAMdat 0849 | Sequence record
EDAMid  2314 | GI number
EDAMid  1105 | dbEST accession
EDAMfmt 2310 | FASTA-HTML
EDAMfmt 2532 | GenBank-HTML
EDAMfmt 2331 | HTML
Xref    SP_FT | None
Query    Sequence record | GenBank-HTML | dbEST accession | http://www.ncbi.nlm.nih.gov/nucest/%s?report=genbank
Query    Sequence record | HTML {est} | dbEST accession | http://www.ncbi.nlm.nih.gov/nucest/%s?report=est
Query    Sequence record | HTML {docsum} | dbEST accession | http://www.ncbi.nlm.nih.gov/nucest/%s?report=docsum
Query    Sequence record | FASTA-HTML | dbEST accession | http://www.ncbi.nlm.nih.gov/nucest/%s?report=fasta
Query    Sequence record | GenBank-HTML | dbEST accession | http://www.ncbi.nlm.nih.gov/nucest/%s?report=genbank
Query    Sequence record | GenBank-HTML | GI number | http://www.ncbi.nlm.nih.gov/nucest/%s?report=genbank
Query    Sequence record | HTML {est} | GI number | http://www.ncbi.nlm.nih.gov/nucest/%s?report=est
Query    Sequence record | HTML {docsum} | GI number | http://www.ncbi.nlm.nih.gov/nucest/%s?report=docsum
Query    Sequence record | FASTA-HTML | GI number | http://www.ncbi.nlm.nih.gov/nucest/%s?report=fasta
Query    Sequence record | GenBank-HTML | GI number | http://www.ncbi.nlm.nih.gov/nucest/%s?report=genbank
Example dbEST accession | f12345
Example GI number | 706694

ID      REDIdb
Name    RNA editing database (REDIdb)
Desc    Sequences post-transcriptionally modified by RNA editing from primary databases and literature. All editing information such as substitutions, insertions and deletions occurring in a wide range of organisms is stored.
URL     http://biologia.unical.it/py_script/overview.html
Taxon   1 | all
EDAMtpc 0114 | Gene structure and RNA splicing
EDAMdat 2043 | Sequence record lite
EDAMdat 1383 | Sequence alignment (nucleic acid)
EDAMid  2781 | REDIdb ID
EDAMfmt 2310 | FASTA-HTML
EDAMfmt 2331 | HTML
Query    Sequence record lite {REDIdb entry} | HTML | REDIdb ID | http://biologia.unical.it/py_script/cgi-bin/retrieve.py?query=%s
Query    Sequence record lite {REDIdb fasta} | FASTA-HTML | REDIdb ID | http://biologia.unical.it/py_script/cgi-bin/fasta.py?query=%s
Query    Sequence alignment (nucleic acid) {REDIdb overview} | HTML | REDIdb ID | http://biologia.unical.it/py_script/cgi-bin/display.py?query=%s
Query    Sequence alignment (nucleic acid) {REDIdb alignment} | HTML | REDIdb ID | http://biologia.unical.it/py_script/cgi-bin/align.py?query=%s
Example REDIdb ID  | EDI_000000002

ID      UniProtKB_Swiss-Prot
IDalt   SwissProt
Name    Universal protein resource knowledge base / Swiss-Prot
Desc    Section of the UniProt knowledgebase, containing annotated records, which include curator-evaluated computational analysis, as well as, information extracted from the literature
URL     http://www.uniprot.org
Taxon   1 | all


<font color=red>  [Part of this file has been deleted for brevity]</font>

Cat     Other
Taxon   1 | all
EDAMtpc 3052 | Sequence clusters and classification
EDAMtpc 0114 | Gene structure and RNA splicing
EDAMdat 1245 | Sequence cluster (protein)
EDAMid  2347 | Sequence cluster ID (UniRef100)
EDAMid  2348 | Sequence cluster ID (UniRef90)
EDAMid  2349 | Sequence cluster ID (UniRef50)
EDAMfmt 1929 | FASTA format
EDAMfmt 2376 | RDF
EDAMfmt 2331 | HTML
EDAMfmt 2332 | XML
Xref    SP_implicit | UniProt accession
Query    Sequence cluster (protein) | HTML | Sequence cluster ID (UniRef100) | http://www.uniprot.org/uniref/UniRef100_%s
Query    Sequence cluster (protein) | XML | Sequence cluster ID (UniRef100) | http://www.uniprot.org/uniref/UniRef100_%s.xml
Query    Sequence cluster (protein) | RDF | Sequence cluster ID (UniRef100) | http://www.uniprot.org/uniref/UniRef100_%s.rdf
Query    Sequence cluster (protein) | FASTA format | Sequence cluster ID (UniRef100) | http://www.uniprot.org/uniref/UniRef100_%s.fasta
Query    Sequence cluster (protein) | HTML | Sequence cluster ID (UniRef90) | http://www.uniprot.org/uniref/UniRef90_%s
Query    Sequence cluster (protein) | XML | Sequence cluster ID (UniRef90) | http://www.uniprot.org/uniref/UniRef90_%s.xml
Query    Sequence cluster (protein) | RDF | Sequence cluster ID (UniRef90) | http://www.uniprot.org/uniref/UniRef90_%s.rdf
Query    Sequence cluster (protein) | FASTA format | Sequence cluster ID (UniRef90) | http://www.uniprot.org/uniref/UniRef90_%s.fasta
Query    Sequence cluster (protein) | HTML | Sequence cluster ID (UniRef50) | http://www.uniprot.org/uniref/UniRef50_%s
Query    Sequence cluster (protein) | XML | Sequence cluster ID (UniRef50) | http://www.uniprot.org/uniref/UniRef50_%s.xml
Query    Sequence cluster (protein) | RDF | Sequence cluster ID (UniRef50) | http://www.uniprot.org/uniref/UniRef50_%s.rdf
Query    Sequence cluster (protein) | FASTA format | Sequence cluster ID (UniRef50) | http://www.uniprot.org/uniref/UniRef50_%s.fasta
Example Sequence cluster ID (UniRef100) | P02930
Example Sequence cluster ID (UniRef90) | P02930
Example Sequence cluster ID (UniRef50) | P02930

ID      UniProt
IDalt   UniProtKB
Name    Universal protein resource
Desc    A comprehensive, high-quality and freely accessible resource of protein sequence and functional information.
URL     http://www.uniprot.org/
Taxon   1 | all
EDAMtpc 0639 | Protein sequence analysis
EDAMdat 2201 | Sequence record full
EDAMid  3021 | UniProt accession
EDAMfmt 1929 | FASTA format
EDAMfmt 2376 | RDF
EDAMfmt 2188 | uniprot
EDAMfmt 2331 | HTML
EDAMfmt 2332 | XML
Xref    SP_FT | None
Query    Sequence record full | HTML | UniProt accession | http://www.uniprot.org/uniprot/%s
Query    Sequence record full | uniprot | UniProt accession | http://www.uniprot.org/uniprot/%s.txt
Query    Sequence record full | XML | UniProt accession | http://www.uniprot.org/uniprot/%s.xml
Query    Sequence record full | RDF | UniProt accession | http://www.uniprot.org/uniprot/%s.rdf
Query    Sequence record full | FASTA format | UniProt accession | http://www.uniprot.org/uniprot/%s.fasta
Example UniProt accession | P12345

</pre>
</td></tr></table><p>
