
<a name="output.1"></a>
<h3>Output files for usage example </h3>
<p><h3>File: edamisformat.obo</h3>
<table width="90%"><tr><td bgcolor="#CCFFCC">
<pre>
[Term]
id: EDAM:0002078
name: Sequence range format
namespace: format
def: Format used to specify range(s) of sequence positions.
subset: format
is_a: EDAM:0002350 ! Format (typed)
relationship: is_format_of EDAM:0001017 ! Sequence range

[Term]
id: EDAM:0002571
name: Raw sequence format
namespace: format
def: Format of a raw molecular sequence (i.e. the alphabet used).
subset: format
is_a: EDAM:0002350 ! Format (typed)
relationship: is_format_of EDAM:0000848 ! Raw sequence

[Term]
id: EDAM:0001921
name: Alignment format
namespace: format
def: Data format for molecular sequence alignment information.
subset: format
is_a: EDAM:0002350 ! Format (typed)
relationship: is_format_of EDAM:0000863 ! Sequence alignment

[Term]
id: EDAM:0001919
name: Sequence record format
namespace: format
def: Data format for a molecular sequence record.
subset: format
is_a: EDAM:0002350 ! Format (typed)
relationship: is_format_of EDAM:0000849 ! Sequence record

[Term]
id: EDAM:0002057
name: Sequence trace format
namespace: format
def: Format for sequence trace data (i.e. including base call information).
subset: format
is_a: EDAM:0001919 ! Sequence record format
relationship: is_format_of EDAM:0000924 ! Sequence trace

[Term]
id: EDAM:0002014
name: Sequence-profile alignment format
namespace: format
def: Data format for a sequence-profile alignment.


<font color=red>  [Part of this file has been deleted for brevity]</font>

namespace: format
def: Data format for a molecular sequence record, typically corresponding to a full entry from a molecular sequence database.
subset: format
is_a: EDAM:0001919 ! Sequence record format
relationship: is_format_of EDAM:0002201 ! Sequence record full

[Term]
id: EDAM:0002067
name: Sequence distance matrix format
namespace: format
def: Format of a matrix of genetic distances between molecular sequences.
subset: format
is_a: EDAM:0002350 ! Format (typed)
relationship: is_format_of EDAM:0000870 ! Sequence distance matrix

[Term]
id: EDAM:0002066
name: Database hits (sequence) format
namespace: format
def: Format of a report on sequence hits and associated data from searching a sequence database.
subset: format
is_a: EDAM:0002350 ! Format (typed)
relationship: is_format_of EDAM:0000857 ! Database hits (sequence)

[Term]
id: EDAM:0002921
name: Sequence variation annotation format
namespace: format
def: Format of sequence variation annotation.
subset: format
is_a: EDAM:0002350 ! Format (typed)
relationship: is_format_of EDAM:0000918 ! Sequence variation annotation

[Term]
id: EDAM:0002170
name: Sequence cluster format
namespace: format
def: Format used for clusters of molecular sequences.
subset: format
is_a: EDAM:0002350 ! Format (typed)
relationship: is_format_of EDAM:0001235 ! Sequence cluster

[Term]
id: EDAM:0001920
name: Sequence feature annotation format
namespace: format
def: Data format for molecular sequence feature information.
subset: format
is_a: EDAM:0002350 ! Format (typed)
relationship: is_format_of EDAM:0001255 ! Sequence features

</pre>
</td></tr></table><p>
