
<a name="output.1"></a>
<h3>Output files for usage example </h3>
<p><h3>File: edamhasinput.obo</h3>
<table width="90%"><tr><td bgcolor="#CCFFCC">
<pre>
[Term]
id: EDAM_operation:1780
name: Sequence submission
namespace: operation
def: Submit a molecular sequence to a database.
subset: bioinformatics
subset: edam
subset: operations
created_in: "beta12orEarlier"
is_a: EDAM_operation:2446 ! Sequence processing
relationship: has_input EDAM_data:2044 ! Sequence
relationship: has_topic EDAM_topic:3077 ! Data acquisition and deposition

[Term]
id: EDAM_operation:0564
name: Sequence rendering
namespace: operation
def: Visualise, format or render a molecular sequence, possibly with sequence features or properties shown.
subset: bioinformatics
subset: edam
subset: operations
created_in: "beta12orEarlier"
is_a: EDAM_operation:0337 ! Plotting and rendering
is_a: EDAM_operation:2446 ! Sequence processing
relationship: has_input EDAM_data:2044 ! Sequence
relationship: has_output EDAM_data:2969 ! Sequence image

[Term]
id: EDAM_operation:2451
name: Sequence comparison
namespace: operation
def: Compare two or more molecular sequences.
subset: bioinformatics
subset: edam
subset: operations
created_in: "beta12orEarlier"
is_a: EDAM_operation:2403 ! Sequence analysis
is_a: EDAM_operation:2424 ! Comparison
relationship: has_input EDAM_data:2044 ! Sequence
relationship: has_output EDAM_data:2955 ! Sequence report
relationship: has_topic EDAM_topic:0159 ! Sequence comparison

[Term]
id: EDAM_operation:0292
name: Sequence alignment construction
namespace: operation
def: Align (identify equivalent sites within) molecular sequences.
subset: bioinformatics
subset: edam
subset: operations


<font color=red>  [Part of this file has been deleted for brevity]</font>

subset: bioinformatics
subset: edam
subset: operations
created_in: "beta12orEarlier"
is_a: EDAM_operation:0338 ! Sequence database search
relationship: has_input EDAM_data:1267 ! Amino acid frequencies
relationship: has_topic EDAM_topic:0157 ! Sequence composition analysis

[Term]
id: EDAM_operation:0566
name: Sequence cluster rendering
namespace: operation
def: Visualise, format or render sequence clusters.
subset: bioinformatics
subset: edam
subset: operations
created_in: "beta12orEarlier"
is_a: EDAM_operation:0337 ! Plotting and rendering
is_a: EDAM_operation:2452 ! Sequence cluster processing
relationship: has_input EDAM_data:1235 ! Sequence cluster

[Term]
id: EDAM_operation:2507
name: Sequence alignment analysis (nucleic acid)
namespace: operation
def: Analyse a protein sequence alignment, typically to detect features or make predictions.
subset: bioinformatics
subset: edam
subset: operations
created_in: "beta12orEarlier"
is_a: EDAM_operation:0258 ! Sequence alignment analysis
is_a: EDAM_operation:2501 ! Nucleic acid data processing
is_a: EDAM_operation:3024 ! Prediction, detection and recognition (nucleic acid)
relationship: has_input EDAM_data:1383 ! Sequence alignment (nucleic acid)
relationship: has_topic EDAM_topic:0740 ! Nucleic acid sequence alignment

[Term]
id: EDAM_operation:2479
name: Protein sequence analysis
namespace: operation
def: Analyse a protein sequence (using methods that are only applicable to protein sequences).
subset: bioinformatics
subset: edam
subset: operations
synonym: "Sequence analysis (protein)" EXACT []
created_in: "beta12orEarlier"
is_a: EDAM_operation:2403 ! Sequence analysis
is_a: EDAM_operation:2447 ! Sequence processing (protein)
relationship: has_input EDAM_data:2976 ! Protein sequence
relationship: has_topic EDAM_topic:0639 ! Protein sequence analysis

</pre>
</td></tr></table><p>
