
<a name="output.1"></a>
<h3>Output files for usage example </h3>
<p><h3>File: edamisid.obo</h3>
<table width="90%"><tr><td bgcolor="#CCFFCC">
<pre>
[Term]
id: EDAM_data:1063
name: Sequence identifier
namespace: identifier
def: An identifier of molecular sequence(s) or entries from a molecular sequence database.
subset: identifiers
subset: data
is_a: EDAM_data:0976 ! Identifier (typed)
is_a: EDAM_data:0855 ! Sequence metadata
relationship: is_identifier_of EDAM_data:2044 ! Sequence

[Term]
id: EDAM_data:1094
name: Sequence type
namespace: data
def: A label (text token) describing a type of molecular sequence.
comment: Sequence type might reflect the molecule (protein, nucleic acid etc) or the sequence itself (gapped, ambiguous etc).
subset: data
is_a: EDAM_data:2100 ! Type
is_a: EDAM_data:2534 ! Sequence parameter
relationship: is_identifier_of EDAM_data:2044 ! Sequence
relationship: is_identifier_of EDAM_data:0849 ! Sequence record

[Term]
id: EDAM_data:1114
name: Sequence motif identifier
namespace: identifier
def: Identifier of a sequence motif, for example an entry from a motif database.
subset: identifiers
subset: data
is_a: EDAM_data:0976 ! Identifier (typed)
relationship: is_identifier_of EDAM_data:1353 ! Sequence motif

[Term]
id: EDAM_data:1096
name: Sequence accession (protein)
namespace: identifier
def: Accession number of a protein sequence database entry.
subset: identifiers
subset: data
synonym: "Protein sequence accession number" EXACT [http://edamontology.org]
is_a: EDAM_data:1093 ! Sequence accession
relationship: is_identifier_of EDAM_data:2976 ! Protein sequence

[Term]
id: EDAM_data:1112
name: Sequence cluster ID
namespace: identifier
def: An identifier of a cluster of molecular sequence(s).
subset: identifiers


<font color=red>  [Part of this file has been deleted for brevity]</font>

subset: data
is_a: EDAM_data:1093 ! Sequence accession
relationship: is_identifier_of EDAM_data:0849 ! Sequence record

[Term]
id: EDAM_data:2621
name: TAIR accession (protein)
namespace: identifier
def: Identifier of a protein sequence from the TAIR database.
subset: identifiers
subset: data
regex: "AASequence:[0-9]{10}"
is_a: EDAM_data:1096 ! Sequence accession (protein)
is_a: EDAM_data:2387 ! TAIR accession
relationship: is_identifier_of EDAM_data:0849 ! Sequence record

[Term]
id: EDAM_data:1101
name: TREMBL accession
namespace: identifier
def: Identifier of a TREMBL sequence database entry.
subset: identifiers
subset: data
is_a: EDAM_data:3021 ! UniProt accession
synonym: "TREMBL accession number" EXACT [http://edamontology.org]
synonym: "TREMBL ID" EXACT [http://edamontology.org]
relationship: is_identifier_of EDAM_data:0849 ! Sequence record

[Term]
id: EDAM_data:1100
name: PIR identifier
namespace: identifier
def: An identifier of PIR sequence database entry.
subset: identifiers
subset: data
synonym: "PIR accession number" EXACT [http://edamontology.org]
synonym: "PIR ID" EXACT [http://edamontology.org]
is_a: EDAM_data:1096 ! Sequence accession (protein)
relationship: is_identifier_of EDAM_data:0849 ! Sequence record

[Term]
id: EDAM_data:2291
name: UniProt ID
namespace: identifier
def: An identifier of a polypeptide in the UniProt database.
subset: identifiers
subset: data
synonym: "UniProt identifier" EXACT [http://edamontology.org]
is_a: EDAM_data:1096 ! Sequence accession (protein)
relationship: is_identifier_of EDAM_data:0849 ! Sequence record

</pre>
</td></tr></table><p>
