
<a name="output.3"></a>
<h3>Output files for usage example 3</h3>
<p><h3>File: Epepcoil.dat</h3>
<table width="90%"><tr><td bgcolor="#CCFFCC">
<pre>
# Input data for PEPCOIL 
# from Lupas A, van Dyke M &amp; Stock J; Science 252:1162-4 (1991)
#
#   Freq in       Relative occurrence at heptad position
# R GenBank     a      b      c      d      e      f      g
  L  9.33     3.167  0.297  0.398  3.902  0.585  0.501  0.483
  I  5.35     2.597  0.098  0.345  0.894  0.514  0.471  0.431
  V  6.42     1.665  0.403  0.386  0.949  0.211  0.342  0.360
  M  2.34     2.240  0.370  0.480  1.409  0.541  0.772  0.663
  F  3.88     0.531  0.076  0.403  0.662  0.189  0.106  0.013
  Y  3.16     1.417  0.090  0.122  1.659  0.190  0.130  0.155
  G  7.10     0.045  0.275  0.578  0.216  0.211  0.426  0.156
  A  7.59     1.297  1.551  1.084  2.612  0.377  1.248  0.877
  K  5.72     1.375  2.639  1.763  0.191  1.815  1.961  2.795
  R  5.39     0.659  1.163  1.210  0.031  1.358  1.937  1.798
  H  2.25     0.347  0.275  0.679  0.395  0.294  0.579  0.213
  E  6.10     0.262  3.496  3.108  0.998  5.685  2.494  3.048
  D  5.03     0.030  2.352  2.268  0.237  0.663  1.620  1.448
  Q  4.27     0.179  2.114  1.778  0.631  2.550  1.578  2.526
  N  4.25     0.835  1.475  1.534  0.039  1.722  2.456  2.280
  S  7.28     0.382  0.583  1.052  0.419  0.525  0.916  0.628
  T  5.97     0.169  0.702  0.955  0.654  0.791  0.843  0.647
  C  1.86     0.824  0.022  0.308  0.152  0.180  0.156  0.044
  W  1.41     0.240  0.0    0.0    0.456  0.019  0.0    0.0
  P  5.28     0.0    0.008  0.0    0.013  0.0    0.0    0.0
</pre>
</td></tr></table><p>
