
<a name="output.1"></a>
<h3>Output files for usage example </h3>
<p><h3>File: outfile.entrails</h3>
<table width="90%"><tr><td bgcolor="#CCFFCC">
<pre>

# ACD Types
# Name           Group      Description
#     Attribute       Type       Default      Comment
#     Qualifier       Type       Default      Helptext
AcdType {
  align          output     "Alignment output file"
    attributes {
      type            string     ""           "P:protein or N:nucleotide"
      taglist         string     ""           "Extra tags to report"
      minseqs         integer    "1"          "Minimum number of sequences"
      maxseqs         integer    "(INT_MAX)"  "Maximum number of sequences"
      multiple        boolean    "N"          "More than one alignment in one file"
      nulldefault     boolean    "N"          "Defaults to 'no file'"
      nullok          boolean    "N"          "Can accept a null filename as 'no file'"
    }
    qualifiers {
      aformat         string     ""           "Alignment format"
      aextension      string     ""           "File name extension"
      adirectory      string     ""           "Output directory"
      aname           string     ""           "Base file name"
      awidth          integer    "0"          "Alignment width"
      aaccshow        boolean    "N"          "Show accession number in the header"
      adesshow        boolean    "N"          "Show description in the header"
      ausashow        boolean    "N"          "Show the full USA in the alignment"
      aglobal         boolean    "N"          "Show the full sequence in alignment"
    }
  array          simple     "List of floating point numbers"
    attributes {
      minimum         float      "(-FLT_MAX)" "Minimum value"
      maximum         float      "(FLT_MAX)"  "Maximum value"
      increment       float      "0"          "(Not used by ACD) Increment for GUIs"
      precision       integer    "3"          "(Not used by ACD) Floating precision for GUIs"
      warnrange       boolean    "Y"          "Warning if values are out of range"
      size            integer    "1"          "Number of values required"
      sum             float      "1.0"        "Total for all values"
      sumtest         boolean    "Y"          "Test sum of all values"
      trueminimum     boolean    "N"          "If max/min overlap, use minimum"
      failrange       boolean    ""           "Fail if (calculated) ranges overlap"
      rangemessage    string     ""           "Failure message if (calculated ranges) overlap"
      tolerance       float      "0.01"       "Tolerance (sum +/- tolerance) of the total"
    }
  boolean        simple     "Boolean value Yes/No"
    attributes {
    }
  codon          input      "Codon usage file in EMBOSS data path"
    attributes {
      name            string     "Ehum.cut"   "Codon table name"
      nullok          boolean    "N"          "Can accept a null filename as 'no file'"
    }


<font color=red>  [Part of this file has been deleted for brevity]</font>

# Desc  Format description
# Name         Description

OFormat {
  emboss       "EMBOSS codon usage file"
  cut          "EMBOSS codon usage file"
  gcg          "GCG codon usage file"
  cutg         "CUTG codon usage file"
  cutgaa       "CUTG codon usage file with aminoacids"
  spsum        "CUTG species summary file"
  cherry       "Mike Cherry codonusage database file"
  transterm    "TransTerm database file"
  codehop      "FHCRC codehop program codon usage file"
  staden       "Staden package codon usage file with numbers"
  numstaden    "Staden package codon usage file with numbers"
}


# Graphics Devices
# Name     Name
# Alias    Alias name
# Device   Device name
# Extension Filename extension (null if no file created)
# Description
# Name       Alias Device     Extension Description
GraphType {
  ps            No ps         .ps        "Postscript"
  postscript   Yes ps         .ps        "Postscript"
  hpgl          No lj_hpgl    .hpgl      "HPGL general"
  hp7470        No hp7470     .hpgl      "HPGL 7470 pen plotter"
  hp7580        No hp7580     .hpgl      "HPGL 7580 pen plotter"
  meta          No plmeta     .meta      "Metafile"
  cps           No psc        .ps        "Colour postscript"
  colourps     Yes psc        .ps        "Colour postscript"
  x11           No xwin       null       "X11 in new window"
  xwindows     Yes xwin       null       "X11 in new window"
  tek           No tek4107t   null       "Tektronix screen graphics"
  tek4107t     Yes tek4107t   null       "Tektronix model 4107 screen graphics"
  tekt          No tekt       null       "Tektronix screen graphics"
  tektronics   Yes tekt       null       "Tektronix screen graphics"
  none          No null       null       "No output"
  null         Yes null       null       "No output"
  text         Yes null       null       "Text file"
  data          No data       .dat       "Data file for Staden package"
  das           No das        .das       "Data file for DAS server"
  xterm         No xterm      null       "Xterm screen graphics"
  png           No png        .png       "PNG graphics files"
  gif           No gif        .gif       "GIF graphics files"
  pdf           No pdf        .pdf       "PDF graphics files"
  svg           No svg        .svg       "SVG graphics files"
}
</pre>
</td></tr></table><p>
