
<a name="output.1"></a>
<h3>Output files for usage example </h3>
<p><h3>File: x65921.eprimer32</h3>
<table width="90%"><tr><td bgcolor="#CCFFCC">
<pre>

# EPRIMER32 RESULTS FOR X65921

# FORWARD PRIMER STATISTICS:
# considered 18855
# GC content failed 156
# low tm 3890
# high tm 9325
# high hairpin stability 23
# long poly-x seq 45
# ok 5416

# REVERSE PRIMER STATISTICS:
# considered 18706
# GC content failed 161
# low tm 3834
# high tm 9289
# high hairpin stability 8
# long poly-x seq 66
# ok 5348

# PRIMER PAIR STATISTICS:
# considered 3726
# unacceptable product size 3429
# ok 297

#                      Start  Len   Tm     GC%   Sequence

   1 PRODUCT SIZE: 201
     FORWARD PRIMER     981   20  60.11  55.00  CCGGAAGATCAAGTCGTGCT

     REVERSE PRIMER    1162   20  59.90  55.00  GGTGTGACACTCAGCTGTCA


   2 PRODUCT SIZE: 199
     FORWARD PRIMER     802   20  60.11  60.00  CCAGGAGCTACACACCTTCG

     REVERSE PRIMER     981   20  60.11  55.00  AGCACGACTTGATCTTCCGG


   3 PRODUCT SIZE: 200
     FORWARD PRIMER    1489   20  59.89  55.00  AAAAGAGGGGTTCTGCTGGG

     REVERSE PRIMER    1669   20  60.18  55.00  TAAGAGCCCAGGGACTTGGT


   4 PRODUCT SIZE: 200
     FORWARD PRIMER     801   20  59.75  60.00  CCCAGGAGCTACACACCTTC

     REVERSE PRIMER     981   20  60.11  55.00  AGCACGACTTGATCTTCCGG


   5 PRODUCT SIZE: 200
     FORWARD PRIMER    1084   20  60.32  55.00  GCATGCTTGGAGGTGAGTGA

     REVERSE PRIMER    1264   20  59.96  55.00  ACTCTGGCTCAGTCTCCCAT



</pre>
</td></tr></table><p>
