
<a name="output.1"></a>
<h3>Output files for usage example </h3>
<p><h3>File: x65923.freak</h3>
<table width="90%"><tr><td bgcolor="#CCFFCC">
<pre>
FREAK of X65923 from 1 to 518 Window 30 Step 1

1          0.500000
2          0.533333
3          0.566667
4          0.533333
5          0.533333
6          0.566667
7          0.566667
8          0.566667
9          0.600000
10         0.633333
11         0.633333
12         0.666667
13         0.666667
14         0.666667
15         0.666667
16         0.633333
17         0.666667
18         0.633333
19         0.633333
20         0.633333
21         0.666667
22         0.666667
23         0.700000
24         0.733333
25         0.700000
26         0.666667
27         0.633333
28         0.600000
29         0.566667
30         0.600000
31         0.633333
32         0.600000
33         0.600000
34         0.633333
35         0.600000
36         0.600000
37         0.566667
38         0.566667
39         0.533333
40         0.533333
41         0.500000
42         0.500000
43         0.500000
44         0.500000
45         0.533333
46         0.566667
47         0.566667
48         0.600000


<font color=red>  [Part of this file has been deleted for brevity]</font>

439        0.433333
440        0.400000
441        0.366667
442        0.333333
443        0.333333
444        0.300000
445        0.333333
446        0.366667
447        0.400000
448        0.366667
449        0.333333
450        0.300000
451        0.333333
452        0.333333
453        0.333333
454        0.333333
455        0.300000
456        0.300000
457        0.300000
458        0.300000
459        0.300000
460        0.266667
461        0.266667
462        0.233333
463        0.233333
464        0.266667
465        0.300000
466        0.333333
467        0.300000
468        0.333333
469        0.333333
470        0.333333
471        0.333333
472        0.366667
473        0.333333
474        0.333333
475        0.333333
476        0.300000
477        0.300000
478        0.300000
479        0.333333
480        0.333333
481        0.300000
482        0.300000
483        0.266667
484        0.266667
485        0.266667
486        0.266667
487        0.266667
488        0.266667
489        0.266667
</pre>
</td></tr></table><p>
