
<a name="output.1"></a>
<h3>Output files for usage example </h3>
<p><h3>File: hbb_human.hmoment</h3>
<table width="90%"><tr><td bgcolor="#CCFFCC">
<pre>
HMOMENT of HBB_HUMAN from 1 to 147

Window: 10 Angle: 100 Max uH: 0.714
Position	uH
1		0.086
2		0.091
3		0.216
4		0.208
5		0.123
6		0.211
7		0.194
8		0.185
9		0.169
10		0.312
11		0.292
12		0.185
13		0.092
14		0.050
15		0.164
16		0.245
17		0.187
18		0.130
19		0.262
20		0.396
21		0.317
22		0.342
23		0.492
24		0.508
25		0.517
26		0.418
27		0.416
28		0.350
29		0.292
30		0.196
31		0.102
32		0.288
33		0.314
34		0.442
35		0.560
36		0.464
37		0.577
38		0.584
39		0.676
40		0.714
41		0.670
42		0.462
43		0.369
44		0.221
45		0.176
46		0.073


<font color=red>  [Part of this file has been deleted for brevity]</font>

88		0.179
89		0.201
90		0.065
91		0.041
92		0.110
93		0.181
94		0.261
95		0.312
96		0.200
97		0.263
98		0.369
99		0.310
100		0.362
101		0.495
102		0.585
103		0.450
104		0.488
105		0.547
106		0.315
107		0.311
108		0.252
109		0.187
110		0.215
111		0.295
112		0.425
113		0.303
114		0.421
115		0.528
116		0.487
117		0.436
118		0.501
119		0.532
120		0.409
121		0.447
122		0.308
123		0.383
124		0.252
125		0.361
126		0.374
127		0.314
128		0.219
129		0.310
130		0.361
131		0.439
132		0.433
133		0.507
134		0.336
135		0.344
136		0.207
137		0.234
138		0.299
</pre>
</td></tr></table><p>
