
<a name="output.1"></a>
<h3>Output files for usage example </h3>
<p><h3>File: laci_ecoli.iep</h3>
<table width="90%"><tr><td bgcolor="#CCFFCC">
<pre>
IEP of LACI_ECOLI from 1 to 360
Isoelectric Point = 6.8385

   pH     Bound    Charge
  1.00    81.96    37.96
  1.50    81.89    37.89
  2.00    81.65    37.65
  2.50    80.91    36.91
  3.00    78.79    34.79
  3.50    73.70    29.70
  4.00    65.15    21.15
  4.50    56.73    12.73
  5.00    51.75     7.75
  5.50    49.35     5.35
  6.00    47.60     3.60
  6.50    45.48     1.48
  7.00    43.37    -0.63
  7.50    41.85    -2.15
  8.00    40.66    -3.34
  8.50    39.41    -4.59
  9.00    38.01    -5.99
  9.50    36.14    -7.86
 10.00    32.99   -11.01
 10.50    28.45   -15.55
 11.00    23.58   -20.42
 11.50    19.41   -24.59
 12.00    15.19   -28.81
 12.50     9.75   -34.25
 13.00     4.64   -39.36
 13.50     1.75   -42.25
 14.00     0.59   -43.41
</pre>
</td></tr></table><p>

<a name="output.2"></a>
<h3>Output files for usage example 2</h3>
<p><h3>File: ifna2_human.iep</h3>
<table width="90%"><tr><td bgcolor="#CCFFCC">
<pre>
IEP of IFNA2_HUMAN from 1 to 188
Isoelectric Point = 5.7240

   pH     Bound    Charge
  1.00    52.98    22.98
  1.50    52.93    22.93
  2.00    52.77    22.77
  2.50    52.28    22.28
  3.00    50.87    20.87
  3.50    47.47    17.47
  4.00    41.62    11.62
  4.50    35.67     5.67
  5.00    32.10     2.10
  5.50    30.46     0.46
  6.00    29.48    -0.52
  6.50    28.46    -1.54
  7.00    27.44    -2.56
  7.50    26.58    -3.42
  8.00    25.80    -4.20
  8.50    24.95    -5.05
  9.00    23.99    -6.01
  9.50    22.70    -7.30
 10.00    20.46    -9.54
 10.50    17.02   -12.98
 11.00    13.16   -16.84
 11.50    10.04   -19.96
 12.00     7.49   -22.51
 12.50     4.72   -25.28
 13.00     2.23   -27.77
 13.50     0.84   -29.16
 14.00     0.28   -29.72
</pre>
</td></tr></table><p>
