
<a name="output.1"></a>
<h3>Output files for usage example </h3>
<p><h3>File: m23100.jaspscan </h3>
<table width="90%"><tr><td bgcolor="#CCFFCC">
<pre>
########################################
# Program: jaspscan
# Rundate: Tue 15 Jul 2008 12:00:00
# Commandline: jaspscan
#    -both
#    -sequence tembl:m23100
#    -matrices ma0079
# Report_format: seqtable
# Report_file: m23100.jaspscan
########################################

#=======================================
#
# Sequence: M23100     from: 1   to: 2085
# HitCount: 18
#
# Database scanned: JASPAR_CORE  Threshold: 80.000
#
#=======================================

  Start     End  Strand Score_Percent ID     Name   Species      Class           Supergroup Protein_Seq Experiment Source_PMID Info_Content Closest_Jaspar Closest_Transfac MCS_Score Built_From Sequence
    117     126       +        82.143 MA0079 SP1    Homo sapiens ZN-FINGER, C2H2 vertebrate P08047      SELEX      2192357            9.719 .              .                        . .          gggggaggat
   1191    1200       +        89.286 MA0079 SP1    Homo sapiens ZN-FINGER, C2H2 vertebrate P08047      SELEX      2192357            9.719 .              .                        . .          gaggcgggga
   1203    1212       +        83.929 MA0079 SP1    Homo sapiens ZN-FINGER, C2H2 vertebrate P08047      SELEX      2192357            9.719 .              .                        . .          cgggcggggc
   1208    1217       +        89.286 MA0079 SP1    Homo sapiens ZN-FINGER, C2H2 vertebrate P08047      SELEX      2192357            9.719 .              .                        . .          ggggcggggc
   1213    1222       +        80.357 MA0079 SP1    Homo sapiens ZN-FINGER, C2H2 vertebrate P08047      SELEX      2192357            9.719 .              .                        . .          ggggcgggac
   1704    1713       +        82.143 MA0079 SP1    Homo sapiens ZN-FINGER, C2H2 vertebrate P08047      SELEX      2192357            9.719 .              .                        . .          cgggcgtgga
   1838    1847       +        82.143 MA0079 SP1    Homo sapiens ZN-FINGER, C2H2 vertebrate P08047      SELEX      2192357            9.719 .              .                        . .          ccggcgggga
   1933    1942       +        82.143 MA0079 SP1    Homo sapiens ZN-FINGER, C2H2 vertebrate P08047      SELEX      2192357            9.719 .              .                        . .          ggggcgcggg
   1945    1954       +        89.286 MA0079 SP1    Homo sapiens ZN-FINGER, C2H2 vertebrate P08047      SELEX      2192357            9.719 .              .                        . .          tgggcgggga
   2027    2036       +        89.286 MA0079 SP1    Homo sapiens ZN-FINGER, C2H2 vertebrate P08047      SELEX      2192357            9.719 .              .                        . .          ggggcggggg
   2032    2041       +        87.500 MA0079 SP1    Homo sapiens ZN-FINGER, C2H2 vertebrate P08047      SELEX      2192357            9.719 .              .                        . .          ggggggcggt
   2034    2043       +        82.143 MA0079 SP1    Homo sapiens ZN-FINGER, C2H2 vertebrate P08047      SELEX      2192357            9.719 .              .                        . .          ggggcggtgg
   1252    1261       -        80.357 MA0079 SP1    Homo sapiens ZN-FINGER, C2H2 vertebrate P08047      SELEX      2192357            9.719 .              .                        . .          gagggaggga
   1304    1313       -        80.357 MA0079 SP1    Homo sapiens ZN-FINGER, C2H2 vertebrate P08047      SELEX      2192357            9.719 .              .                        . .          gcggcgcgga
   1805    1814       -        80.357 MA0079 SP1    Homo sapiens ZN-FINGER, C2H2 vertebrate P08047      SELEX      2192357            9.719 .              .                        . .          agcgcggggt
   1974    1983       -        89.286 MA0079 SP1    Homo sapiens ZN-FINGER, C2H2 vertebrate P08047      SELEX      2192357            9.719 .              .                        . .          tgggtggggt
   2016    2025       -        80.357 MA0079 SP1    Homo sapiens ZN-FINGER, C2H2 vertebrate P08047      SELEX      2192357            9.719 .              .                        . .          ggggagggtt
   2017    2026       -        87.500 MA0079 SP1    Homo sapiens ZN-FINGER, C2H2 vertebrate P08047      SELEX      2192357            9.719 .              .                        . .          tggggagggt

#---------------------------------------
#---------------------------------------
</pre>
</td></tr></table><p>
