
<a name="output.1"></a>
<h3>Output files for usage example </h3>
<p><h3>File: seqspace.nospace</h3>
<table width="90%"><tr><td bgcolor="#CCFFCC">
<pre>
&gt;X13776
ggtaccgctggccgagcatctgctcgatcaccaccagccgggcgacggga
actgcacgatctacctggcgagcctggagcacgagcgggttcgcttcgta
cggcgctgagcgacagtcacaggagaggaaacggatgggatcgcaccagg
agcggccgctgatcggcctgctgttctccgaaaccggcgtcaccgccgat
atcgagcgctcgcacgcgtatggcgcattgctcgcggtcgagcaactgaa
ccgcgagggcggcgtcggcggtcgcccgatcgaaacgctgtcccaggacc
ccggcggcgacccggaccgctatcggctgtgcgccgaggacttcattcgc
aaccggggggtacggttcctcgtgggctgctacatgtcgcacacgcgcaa
ggcggtgatgccggtggtcgagcgcgccgacgcgctgctctgctacccga
ccccctacgagggcttcgagtattcgccgaacatcgtctacggcggtccg
gcgccgaaccagaacagtgcgccgctggcggcgtacctgattcgccacta
cggcgagcgggtggtgttcatcggctcggactacatctatccgcgggaaa
gcaaccatgtgatgcgccacctgtatcgccagcacggcggcacggtgctc
gaggaaatctacattccgctgtatccctccgacgacgacttgcagcgcgc
cgtcgagcgcatctaccaggcgcgcgccgacgtggtcttctccaccgtgg
tgggcaccggcaccgccgagctgtatcgcgccatcgcccgtcgctacggc
gacggcaggcggccgccgatcgccagcctgaccaccagcgaggcggaggt
ggcgaagatggagagtgacgtggcagaggggcaggtggtggtcgcgcctt
acttctccagcatcgatacgcccgccagccgggccttcgtccaggcctgc
catggtttcttcccggagaacgcgaccatcaccgcctgggccgaggcggc
ctactggcagaccttgttgctcggccgcgccgcgcaggccgcaggcaact
ggcgggtggaagacgtgcagcggcacctgtacgacatcgacatcgacgcg
ccacaggggccggtccgggtggagcgccagaacaaccacagccgcctgtc
ttcgcgcatcgcggaaatcgatgcgcgcggcgtgttccaggtccgctggc
agtcgcccgaaccgattcgccccgacccttatgtcgtcgtgcataacctc
gacgactggtccgccagcatgggcgggggaccgctcccatgagcgccaac
tcgctgctcggcagcctgcgcgagttgcaggtgctggtcctcaacccgcc
gggggaggtcagcgacgccctggtcttgcagctgatccgcatcggttgtt
cggtgcgccagtgctggccgccgccggaagccttcgacgtgccggtggac
gtggtcttcaccagcattttccagaatggccaccacgacgagatcgctgc
gctgctcgccgccgggactccgcgcactaccctggtggcgctggtggagt
acgaaagccccgcggtgctctcgcagatcatcgagctggagtgccacggc
gtgatcacccagccgctcgatgcccaccgggtgctgcctgtgctggtatc
ggcgcggcgcatcagcgaggaaatggcgaagctgaagcagaagaccgagc
agctccaggaccgcatcgccggccaggcccggatcaaccaggccaaggtg
ttgctgatgcagcgccatggctgggacgagcgcgaggcgcaccagcacct
gtcgcgggaagcgatgaagcggcgcgagccgatcctgaagatcgctcagg
agttgctgggaaacgagccgtccgcctgagcgatccgggccgaccagaac
aataacaagaggggtatcgtcatcatgctgggactggttctgctgtacgt
tggcgcggtgctgtttctcaatgccgtctggttgctgggcaagatcagcg
gtcgggaggtggcggtgatcaacttcctggtcggcgtgctgagcgcctgc
gtcgcgttctacctgatcttttccgcagcagccgggcagggctcgctgaa
ggccggagcgctgaccctgctattcgcttttacctatctgtgggtggccg
ccaaccagttcctcgag

</pre>
</td></tr></table><p>
