
<a name="output.1"></a>
<h3>Output files for usage example </h3>
<p><h3>File: 1234.obo</h3>
<table width="90%"><tr><td bgcolor="#CCFFCC">
<pre>
[Term]
id: EDAM_data:0006
name: Data
namespace: data
def: Information, represented in an information artefact (data record) that is 'understandable' by dedicated computational tools that can use the data as input or produce it as output.
subset: data
synonym: "Datum" EXACT [http://edamontology.org] {note="The multiplicity is not taken into account."}
synonym: "Data record" EXACT [http://edamontology.org] {note="Currently we are for practical purposes not distinguishing a data record (a tool-understandable information artefact) from data or datum (its content, the tool-understandable information)."}
synonym: "Data set" EXACT [http://edamontology.org] {note="The multiplicity is not taken into account."}
synonym: "Data" EXACT [http://wsio.org/data_002]
synonym: "continuant" BROAD [snap:Continuant]
synonym: "digital entity" RELATED [http://purl.org/biotop/biotop.owl#DigitalEntity]
synonym: "Perpetuant" RELATED [http://www.onto-med.de/ontologies/gfo.owl#Perpetuant] {note="GFO 'Perpetuant' is in general broader than data, but it may be seen narrower in the sense of being a concrete individual."}
synonym: "data item" RELATED [http://semanticscience.org/resource/SIO_000069] {note="Data does theoretically not need to have a purpose, but in all regular cases it does. Remark: EDAM Data sub-ontology focuses on scientific data (SIO_000472), in particular the bioinformatics (SIO_010065) and biological (SIO_010019)."}
synonym: "data item" RELATED [http://purl.obolibrary.org/obo/IAO_0000027] {note="IAO 'data item' is a closely related ontological category (concept) broader in the sense of being any type of data in any role, and narrower in the sense of being limited to a 'generically_dependent_continuant' (snap:GenericallyDependentContinuant), standing in relation of aboutness to some entity (http://purl.obolibrary.org/obo/IAO_0000030), and to data that is intended to be a truthful statement about something."}
synonym: "information content entity" RELATED [http://purl.obolibrary.org/obo/IAO_0000030] {note="IAO 'information content entity' is a closely related ontological category (concept) broader in the sense of covering any type of data in any role, and narrower in the sense of being limited to a 'generically_dependent_continuant' (snap:GenericallyDependentContinuant) and standing in relation of aboutness to some entity."}
synonym: "record" RELATED [http://semanticscience.org/resource/SIO_000088] {note="Data does however not necessarily contain statements and not necessarily about an entity."}
relationship: has_topic EDAM_topic:0003 ! Topic ! Unfortunately, OBO-Edit2 doesn't show the subject concept at the top level when browsed with the 'f' option.

</pre>
</td></tr></table><p>
