
<a name="output.1"></a>
<h3>Output files for usage example </h3>
<p><h3>File: 0001234.obo</h3>
<table width="90%"><tr><td bgcolor="#CCFFCC">
<pre>
[Term]
id: EDAM:0000850
name: Sequence set
namespace: data
def: A collection of multiple molecular sequences and associated metadata that do not (typically) correspond to molecular sequence database records or entries and which (typically) are derived from some analytical method.
comment: This term may be used for arbitrary sequence sets and associated data arising from processing.
subset: data
is_a: EDAM:0002955 ! Sequence report

[Term]
id: EDAM:0002977
name: Nucleic acid sequence
namespace: data
def: One or more nucleic acid sequences, possibly with associated annotation.
subset: data
is_a: EDAM:0002044 ! Sequence
is_a: EDAM:0002525 ! Nucleic acid data

</pre>
</td></tr></table><p>
