
<a name="output.1"></a>
<h3>Output files for usage example </h3>
<p><h3>File: ontogetcommon.obo</h3>
<table width="90%"><tr><td bgcolor="#CCFFCC">
<pre>
[Term]
id: EDAM_topic:0077
name: Nucleic acid analysis
namespace: topic
def: Processing and analysis of nucleic acid data, typically (but not exclusively) nucleic acid sequence analysis.
subset: bioinformatics
subset: edam
subset: topics
synonym: "http://purl.bioontology.org/ontology/MSH/D017422" NARROW []
synonym: "http://purl.bioontology.org/ontology/MSH/D017423" NARROW []
synonym: "Nucleic acid bioinformatics" EXACT []
synonym: "Nucleic acid informatics" EXACT []
synonym: "Nucleic acids" EXACT []
created_in: "beta12orEarlier"
is_a: EDAM_topic:0003 ! Topic

</pre>
</td></tr></table><p>
