
<a name="output.1"></a>
<h3>Output files for usage example </h3>
<p><h3>File: 0575.obo</h3>
<table width="90%"><tr><td bgcolor="#CCFFCC">
<pre>
[Term]
id: EDAM_operation:0575
name: Restriction map rendering
namespace: operation
def: Visualise restriction maps in DNA sequences.
subset: operations
is_a: EDAM_operation:0573 ! Map rendering
is_a: EDAM_operation:0431 ! Restriction site recognition
relationship: has_output EDAM_data:1289 ! Restriction map

[Term]
id: EDAM_operation:0578
name: DNA circular map rendering
namespace: operation
def: Draw a circular maps of DNA, for example a plasmid map.
subset: operations
is_a: EDAM_operation:0573 ! Map rendering

[Term]
id: EDAM_operation:0579
name: Operon rendering
namespace: operation
def: Visualise operon structure etc.
subset: operations
is_a: EDAM_operation:0573 ! Map rendering
relationship: has_topic EDAM_topic:0109 ! Gene finding

</pre>
</td></tr></table><p>
