
<a name="output.1"></a>
<h3>Output files for usage example </h3>
<p><h3>File: z52466.primersearch</h3>
<table width="90%"><tr><td bgcolor="#CCFFCC">
<pre>

Primer name D1S243

Primer name D1S468

Primer name D1S2845

Primer name D1S1608

Primer name D1S2893

Primer name D1S2660
Amplimer 1
	Sequence: Z52466 Z52466 
	H.sapiens (D1S2660) DNA segment containing (CA) repeat; clone AFMa203yc1; single read.
	CACACATGCACATGCAC hits forward strand at 27 with 0 mismatches
	AGTGACACCAGCAGGG hits reverse strand at [103] with 0 mismatches
	Amplimer length: 261 bp
</pre>
</td></tr></table><p>

<a name="output.2"></a>
<h3>Output files for usage example 2</h3>
<p><h3>File: z52466.primersearch</h3>
<table width="90%"><tr><td bgcolor="#CCFFCC">
<pre>

Primer name D1S243

Primer name D1S468

Primer name D1S2845

Primer name D1S1608

Primer name D1S2893

Primer name D1S2660
Amplimer 1
	Sequence: Z52466 Z52466 
	H.sapiens (D1S2660) DNA segment containing (CA) repeat; clone AFMa203yc1; single read.
	CACACATGCACATGCAC hits forward strand at 49 with 2 mismatches
	AGTGACACCAGCAGGG hits reverse strand at [103] with 0 mismatches
	Amplimer length: 239 bp
Amplimer 2
	Sequence: Z52466 Z52466 
	H.sapiens (D1S2660) DNA segment containing (CA) repeat; clone AFMa203yc1; single read.
	CACACATGCACATGCAC hits forward strand at 27 with 0 mismatches
	AGTGACACCAGCAGGG hits reverse strand at [103] with 0 mismatches
	Amplimer length: 261 bp
</pre>
</td></tr></table><p>
