
<a name="output.1"></a>
<h3>Output files for usage example </h3>
<p><h3>File: 1hmp_a.psiphi </h3>
<table width="90%"><tr><td bgcolor="#CCFFCC">
<pre>
########################################
# Program: psiphi
# Rundate: Tue 15 Jul 2008 12:00:00
# Commandline: psiphi
#    [-infile] ../../data/1hmp_a.ccf
#    -chainnumber 1
#    -startresiduenumber 5
#    -finishresiduenumber 85
# Report_format: table
# Report_file: 1hmp_a.psiphi
########################################

#=======================================
#
# Sequence: 1hmp_a     from: 1   to: 214
# HitCount: 81
#
# Chain: 1
#
#=======================================

  Start     End   Score     phi     psi
      5       5     0.0  -85.52  137.17
      6       6     0.0 -124.99   85.24
      7       7     0.0  -43.12  147.11
      8       8     0.0  -48.31  -29.94
      9       9     0.0  -88.16   -2.35
     10      10     0.0  -52.85  130.05
     11      11     0.0  -93.40   -4.97
     12      12     0.0   79.02 -136.70
     13      13     0.0 -149.38  150.69
     14      14     0.0  -84.79  150.76
     15      15     0.0  -46.26  -29.65
     16      16     0.0  -58.90  -26.97
     17      17     0.0  -93.04  -13.65
     18      18     0.0 -121.01  177.67
     19      19     0.0  -90.34  123.35
     20      20     0.0 -137.24  150.01
     21      21     0.0  -60.85  141.25
     22      22     0.0  -68.94  -27.08
     23      23     0.0  -71.26   -5.87
     24      24     0.0 -124.07   13.09
     25      25     0.0  -79.54   22.76
     26      26     0.0 -145.15  -13.78
     27      27     0.0  -95.38    4.02
     28      28     0.0 -129.20  149.61
     29      29     0.0  -90.42  -47.84
     30      30     0.0 -162.69  160.59
     31      31     0.0  -75.67  128.31
     32      32     0.0  -96.18  -51.71


<font color=red>  [Part of this file has been deleted for brevity]</font>

     38      38     0.0  -48.48  -63.46
     39      39     0.0  -38.67  -55.32
     40      40     0.0  -62.06  -37.43
     41      41     0.0  -66.93  -47.14
     42      42     0.0  -55.67  -36.42
     43      43     0.0  -63.04  -44.39
     44      44     0.0  -53.57  -57.37
     45      45     0.0  -44.65  -49.45
     46      46     0.0  -51.29  -42.54
     47      47     0.0  -66.60  -39.52
     48      48     0.0  -63.88  -48.01
     49      49     0.0  -56.50  -52.92
     50      50     0.0  -62.39  -18.62
     51      51     0.0  -56.19  -46.58
     52      52     0.0  -86.42  -51.81
     53      53     0.0  -88.19  -25.17
     54      54     0.0  -56.43  151.52
     55      55     0.0   85.66    9.25
     56      56     0.0 -139.15  162.01
     57      57     0.0  -65.45  110.45
     58      58     0.0 -101.25  138.36
     59      59     0.0 -105.46  112.70
     60      60     0.0  -93.70  115.62
     61      61     0.0 -108.38  131.59
     62      62     0.0 -109.96  130.63
     63      63     0.0  -94.00  109.57
     64      64     0.0  -93.72   67.41
     65      65     0.0  -65.62 -102.57
     66      66     0.0 -109.14   11.70
     67      67     0.0 -170.15  178.49
     68      68     0.0 -125.12  -30.99
     69      69     0.0  -36.99  -53.96
     70      70     0.0  -62.26  -46.94
     71      71     0.0  -50.46  -58.23
     72      72     0.0  -51.09  -52.57
     73      73     0.0  -56.83  -50.75
     74      74     0.0  -55.14  -51.03
     75      75     0.0  -54.01  -32.78
     76      76     0.0  -64.26  -33.38
     77      77     0.0  -73.24  -38.25
     78      78     0.0  -67.12  -50.61
     79      79     0.0  -47.17  -56.48
     80      80     0.0  -49.34  -24.22
     81      81     0.0  -90.53  -27.37
     82      82     0.0  -79.04    3.07
     83      83     0.0  -72.14  -34.64
     84      84     0.0  -78.17   -5.83
     85      85     0.0  -70.69  142.19

#---------------------------------------
#---------------------------------------
</pre>
</td></tr></table><p>
