
<a name="output.1"></a>
<h3>Output files for usage example </h3>
<p><h3>File: outfile.redata</h3>
<table width="90%"><tr><td bgcolor="#CCFFCC">
<pre>
BamHI

Recognition site is GGATCC leaving sticky ends
  Cut positions 5':1 3':5
Organism: Bacillus amyloliquefaciens H
Methylated: 5(4)
Source: ATCC 49763

Isoschizomers:
   AacI        AaeI        AcaII       AccEBI      AinII       AliI        
   Ali12257I   Ali12258I   ApaCI       AsiI        AspTII      Atu1II      
   BamFI       BamKI       BamNI       Bca1259I    Bce751I     Bco10278I   
   BnaI        BsaDI       Bsp30I      Bsp46I      Bsp90II     Bsp98I      
   Bsp130I     Bsp131I     Bsp144I     Bsp4009I    BspAAIII    BstI        
   Bst1126I    Bst2464I    Bst2902I    BstQI       Bsu90I      Bsu8565I    
   Bsu8646I    BsuB519I    BsuB763I    CelI        DdsI        GdoI        
   GinI        GoxI        GseIII      MleI        Mlu23I      NasBI       
   Nsp29132II  NspSAIV     OkrAI       Pac1110I    Pae177I     Pfl8I       
   Psp56I      RhsI        Rlu4I       RspLKII     SolI        SpvI        
   SurI        Uba19I      Uba31I      Uba38I      Uba51I      Uba88I      
   Uba1098I    Uba1163I    Uba1167I    Uba1172I    Uba1173I    Uba1205I    
   Uba1224I    Uba1242I    Uba1250I    Uba1258I    Uba1297I    Uba1302I    
   Uba1324I    Uba1325I    Uba1334I    Uba1339I    Uba1346I    Uba1383I    
   Uba1398I    Uba1402I    Uba1414I    

Suppliers:
Amersham Pharmacia Biotech (1/01)
Life Technologies Inc. (1/98)
Minotech, Molecular Biology Products (12/00)
HYBAID GmbH (12/00)
Stratagene (11/00)
Fermentas AB (5/01)
Q-BIOgene (1/01)
American Allied Biochemical, Inc. (10/98)
SibEnzyme Ltd. (1/01)
Nippon Gene Co., Ltd. (6/00)
Takara Shuzo Co. Ltd. (2/01)
Transgenomic Ltd. (1/01)
Roche Molecular Biochemicals (1/01)
New England BioLabs (12/00)
Toyobo Biochemicals (11/98)
CHIMERx (10/97)
Promega Corporation (6/99)
Sigma Chemical Corporation (11/98)
Advanced Biotechnologies Ltd. (3/98)
Bangalore Genei (2/01)
MRC-Holland (3/01)

References:
Brooks, J.E., Howard, K.A., US Patent Office, 1994.
Brooks, J.E., Nathan, P.D., Landry, D., Sznyter, L.A., Waite-Rees, P., Ives, C.L., Moran, L.S., Slatko, B.E., Benner, J.S., (1991) Nucleic Acids Res., vol. 19, pp. 841-850.
Hattman, S., Keister, T., Gottehrer, A., (1978) J. Mol. Biol., vol. 124, pp. 701-711.
Lee, S.P., Porter, D., Chirikjian, J.G., Knutson, J.R., Han, M.K., (1994) Anal. Biochem., vol. 220, pp. 377-383.
Newman, M., Strzelecka, T., Dorner, L.F., Schildkraut, I., Aggarwal, A.K., (1994) Structure, vol. 2, pp. 439-452.
Roberts, R.J., Wilson, G.A., Young, F.E., (1977) Nature, vol. 265, pp. 82-84.
Roy, K.B., Vrushank, D., Jayaram, B., (1994) Anal. Biochem., vol. 220, pp. 160-164.
Strzelecka, T., Newman, M., Dorner, L.F., Knott, R., Schildkraut, I., Aggarwal, A.K., (1994) J. Mol. Biol., vol. 239, pp. 430-432.
Wilson, G.A., Young, F.E., (1975) J. Mol. Biol., vol. 97, pp. 123-125.
Xu, S.-Y., Fomenkov, A., (1994) Biotechniques, vol. 17, pp. 57.
</pre>
</td></tr></table><p>
