
<a name="output.1"></a>
<h3>Output files for usage example </h3>
<p><h3>File: j01636.seqmatchall</h3>
<table width="90%"><tr><td bgcolor="#CCFFCC">
<pre>
########################################
# Program: seqmatchall
# Rundate: Fri 15 Jan 2010 12:00:00
# Commandline: seqmatchall
#    -sequence @../../data/eclac.list
#    -wordsize 15
# Align_format: match
# Report_file: j01636.seqmatchall
########################################

#=======================================
#
# Aligned_sequences: 2
# 1: J01636
# 2: X51872
#=======================================

  1832 J01636          +     5646..7477     X51872          +        1..1832

#=======================================
#
# Aligned_sequences: 2
# 1: J01636
# 2: V00294
#=======================================

  1113 J01636          +       49..1161     V00294          +        1..1113

#=======================================
#
# Aligned_sequences: 2
# 1: J01636
# 2: V00295
#=======================================

  1500 J01636          +     4305..5804     V00295          +        1..1500

#=======================================
#
# Aligned_sequences: 2
# 1: J01636
# 2: V00296
#=======================================

  3078 J01636          +     1287..4364     V00296          +        1..3078

#=======================================
#
# Aligned_sequences: 2
# 1: X51872
# 2: V00295
#=======================================

   159 X51872          +        1..159      V00295          +     1342..1500

#=======================================
#
# Aligned_sequences: 2
# 1: V00295
# 2: V00296
#=======================================

    60 V00295          +        1..60       V00296          +     3019..3078

#---------------------------------------
#---------------------------------------
</pre>
</td></tr></table><p>
