
<a name="output.1"></a>
<h3>Output files for usage example </h3>
<p><h3>File: x65923.sirna</h3>
<table width="90%"><tr><td bgcolor="#CCFFCC">
<pre>
########################################
# Program: sirna
# Rundate: Tue 15 Jul 2008 12:00:00
# Commandline: sirna
#    -sequence tembl:x65923
# Report_format: table
# Report_file: x65923.sirna
########################################

#=======================================
#
# Sequence: X65923     from: 1   to: 518
# HitCount: 85
#
# CDS region found in feature table starting at 57
#
#=======================================

  Start     End  Strand   Score    GC%             Sense_siRNA         Antisense_siRNA
    308     330       +   9.000   50.0 AAGUGAGAGGUCAGACUCCdTdT GGAGUCUGACCUCUCACUUdTdT
    309     331       +   9.000   50.0 AGUGAGAGGUCAGACUCCUdTdT AGGAGUCUGACCUCUCACUdTdT
    310     332       +   9.000   50.0 GUGAGAGGUCAGACUCCUAdTdT UAGGAGUCUGACCUCUCACdTdT
    351     373       +   9.000   50.0 GAAGAAGAAGACAGGUCGGdTdT CCGACCUGUCUUCUUCUUCdTdT
    166     188       +   8.000   55.0 GAUCAAGUCGUGCUCCUGGdTdT CCAGGAGCACGACUUGAUCdTdT
    279     301       +   8.000   55.0 AGUUCAUGGUUCCCUGGCCdTdT GGCCAGGGAACCAUGAACUdTdT
    330     352       +   8.000   55.0 GGUGGCCAAACAGGAGAAGdTdT CUUCUCCUGUUUGGCCACCdTdT
    354     376       +   8.000   55.0 GAAGAAGACAGGUCGGGCUdTdT AGCCCGACCUGUCUUCUUCdTdT
    357     379       +   8.000   55.0 GAAGACAGGUCGGGCUAAGdTdT CUUAGCCCGACCUGUCUUCdTdT
    393     415       +   8.000   55.0 CCGGCGCUUUGUCAACGUUdTdT AACGUUGACAAAGCGCCGGdTdT
    253     275       +   7.000   60.0 GUAGCAGGCCGCAUGCUUGdTdT CAAGCAUGCGGCCUGCUACdTdT
    280     302       +   7.000   60.0 GUUCAUGGUUCCCUGGCCCdTdT GGGCCAGGGAACCAUGAACdTdT
    339     361       +   7.000   40.0 ACAGGAGAAGAAGAAGAAGdTdT CUUCUUCUUCUUCUCCUGUdTdT
    340     362       +   7.000   40.0 CAGGAGAAGAAGAAGAAGAdTdT UCUUCUUCUUCUUCUCCUGdTdT
    348     370       +   7.000   40.0 GAAGAAGAAGAAGACAGGUdTdT ACCUGUCUUCUUCUUCUUCdTdT
    375     397       +   7.000   60.0 GCGGCGGAUGCAGUACAACdTdT GUUGUACUGCAUCCGCCGCdTdT
    408     430       +   7.000   60.0 CGUUGUGCCCACCUUUGGCdTdT GCCAAAGGUGGGCACAACGdTdT
    429     451       +   7.000   60.0 GAAGAAGGGCCCCAAUGCCdTdT GGCAUUGGGGCCCUUCUUCdTdT
    432     454       +   7.000   60.0 GAAGGGCCCCAAUGCCAACdTdT GUUGGCAUUGGGGCCCUUCdTdT
    435     457       +   7.000   60.0 GGGCCCCAAUGCCAACUCUdTdT AGAGUUGGCAUUGGGGCCCdTdT
    488     510       +   7.000   40.0 AAAGCCACUUAGUUCAGUCdTdT GACUGAACUAAGUGGCUUUdTdT
    489     511       +   7.000   40.0 AAGCCACUUAGUUCAGUCAdTdT UGACUGAACUAAGUGGCUUdTdT
    490     512       +   7.000   40.0 AGCCACUUAGUUCAGUCAAdTdT UUGACUGAACUAAGUGGCUdTdT
    491     513       +   7.000   40.0 GCCACUUAGUUCAGUCAAAdTdT UUUGACUGAACUAAGUGGCdTdT
    129     151       +   6.000   55.0 GGCUCAUGUAGCCUCACUGdTdT CAGUGAGGCUACAUGAGCCdTdT
    165     187       +   6.000   50.0 AGAUCAAGUCGUGCUCCUGdTdT CAGGAGCACGACUUGAUCUdTdT
    278     300       +   6.000   50.0 AAGUUCAUGGUUCCCUGGCdTdT GCCAGGGAACCAUGAACUUdTdT
    314     336       +   6.000   50.0 GAGGUCAGACUCCUAAGGUdTdT ACCUUAGGAGUCUGACCUCdTdT
    321     343       +   6.000   50.0 GACUCCUAAGGUGGCCAAAdTdT UUUGGCCACCUUAGGAGUCdTdT
    323     345       +   6.000   50.0 CUCCUAAGGUGGCCAAACAdTdT UGUUUGGCCACCUUAGGAGdTdT
    329     351       +   6.000   50.0 AGGUGGCCAAACAGGAGAAdTdT UUCUCCUGUUUGGCCACCUdTdT


<font color=red>  [Part of this file has been deleted for brevity]</font>

    374     396       +   5.000   55.0 AGCGGCGGAUGCAGUACAAdTdT UUGUACUGCAUCCGCCGCUdTdT
    383     405       +   5.000   55.0 UGCAGUACAACCGGCGCUUdTdT AAGCGCCGGUUGUACUGCAdTdT
    387     409       +   5.000   55.0 GUACAACCGGCGCUUUGUCdTdT GACAAAGCGCCGGUUGUACdTdT
    390     412       +   5.000   55.0 CAACCGGCGCUUUGUCAACdTdT GUUGACAAAGCGCCGGUUGdTdT
    392     414       +   5.000   55.0 ACCGGCGCUUUGUCAACGUdTdT ACGUUGACAAAGCGCCGGUdTdT
    407     429       +   5.000   55.0 ACGUUGUGCCCACCUUUGGdTdT CCAAAGGUGGGCACAACGUdTdT
    428     450       +   5.000   55.0 AGAAGAAGGGCCCCAAUGCdTdT GCAUUGGGGCCCUUCUUCUdTdT
    431     453       +   5.000   55.0 AGAAGGGCCCCAAUGCCAAdTdT UUGGCAUUGGGGCCCUUCUdTdT
    434     456       +   5.000   60.0 AGGGCCCCAAUGCCAACUCdTdT GAGUUGGCAUUGGGGCCCUdTdT
    444     466       +   5.000   35.0 UGCCAACUCUUAAGUCUUUdTdT AAAGACUUAAGAGUUGGCAdTdT
    487     509       +   5.000   35.0 AAAAGCCACUUAGUUCAGUdTdT ACUGAACUAAGUGGCUUUUdTdT
    123     145       +   4.000   50.0 GAUCAAGGCUCAUGUAGCCdTdT GGCUACAUGAGCCUUGAUCdTdT
    125     147       +   4.000   50.0 UCAAGGCUCAUGUAGCCUCdTdT GAGGCUACAUGAGCCUUGAdTdT
    128     150       +   4.000   50.0 AGGCUCAUGUAGCCUCACUdTdT AGUGAGGCUACAUGAGCCUdTdT
    155     177       +   4.000   50.0 UUGCCCCGGAAGAUCAAGUdTdT ACUUGAUCUUCCGGGGCAAdTdT
    234     256       +   4.000   60.0 GGCCCUGACUACCCUGGAAdTdT UUCCAGGGUAGUCAGGGCCdTdT
    259     281       +   4.000   60.0 GGCCGCAUGCUUGGAGGUAdTdT UACCUCCAAGCAUGCGGCCdTdT
    266     288       +   4.000   40.0 UGCUUGGAGGUAAAGUUCAdTdT UGAACUUUACCUCCAAGCAdTdT
    342     364       +   4.000   40.0 GGAGAAGAAGAAGAAGAAGdTdT CUUCUUCUUCUUCUUCUCCdTdT
    347     369       +   4.000   40.0 AGAAGAAGAAGAAGACAGGdTdT CCUGUCUUCUUCUUCUUCUdTdT
    359     381       +   4.000   60.0 AGACAGGUCGGGCUAAGCGdTdT CGCUUAGCCCGACCUGUCUdTdT
    111     133       +   3.000   55.0 AACGGUCGCCCAGAUCAAGdTdT CUUGAUCUGGGCGACCGUUdTdT
    113     135       +   3.000   65.0 CGGUCGCCCAGAUCAAGGCdTdT GCCUUGAUCUGGGCGACCGdTdT
    172     194       +   3.000   70.0 GUCGUGCUCCUGGCAGGCGdTdT CGCCUGCCAGGAGCACGACdTdT
    443     465       +   3.000   35.0 AUGCCAACUCUUAAGUCUUdTdT AAGACUUAAGAGUUGGCAUdTdT
    456     478       +   3.000   35.0 AGUCUUUUGUAAUUCUGGCdTdT GCCAGAAUUACAAAAGACUdTdT
    468     490       +   3.000   30.0 UUCUGGCUUUCUCUAAUAAdTdT UUAUUAGAGAAAGCCAGAAdTdT
    484     506       +   3.000   30.0 UAAAAAAGCCACUUAGUUCdTdT GAACUAAGUGGCUUUUUUAdTdT
    108     130       +   2.000   60.0 GGAAACGGUCGCCCAGAUCdTdT GAUCUGGGCGACCGUUUCCdTdT
    135     157       +   2.000   60.0 UGUAGCCUCACUGGAGGGCdTdT GCCCUCCAGUGAGGCUACAdTdT
    139     161       +   2.000   60.0 GCCUCACUGGAGGGCAUUGdTdT CAAUGCCCUCCAGUGAGGCdTdT
    150     172       +   2.000   60.0 GGGCAUUGCCCCGGAAGAUdTdT AUCUUCCGGGGCAAUGCCCdTdT
    171     193       +   2.000   65.0 AGUCGUGCUCCUGGCAGGCdTdT GCCUGCCAGGAGCACGACUdTdT
    201     223       +   2.000   65.0 GGAUGAGGCCACUCUGGGCdTdT GCCCAGAGUGGCCUCAUCCdTdT
    204     226       +   2.000   65.0 UGAGGCCACUCUGGGCCAGdTdT CUGGCCCAGAGUGGCCUCAdTdT
    245     267       +   2.000   65.0 CCCUGGAAGUAGCAGGCCGdTdT CGGCCUGCUACUUCCAGGGdTdT
    256     278       +   2.000   65.0 GCAGGCCGCAUGCUUGGAGdTdT CUCCAAGCAUGCGGCCUGCdTdT
    285     307       +   2.000   65.0 UGGUUCCCUGGCCCGUGCUdTdT AGCACGGGCCAGGGAACCAdTdT
    338     360       +   2.000   35.0 AACAGGAGAAGAAGAAGAAdTdT UUCUUCUUCUUCUCCUGUUdTdT
    345     367       +   2.000   35.0 GAAGAAGAAGAAGAAGACAdTdT UGUCUUCUUCUUCUUCUUCdTdT
    486     508       +   2.000   35.0 AAAAAGCCACUUAGUUCAGdTdT CUGAACUAAGUGGCUUUUUdTdT

#---------------------------------------
#---------------------------------------

#---------------------------------------
# Total_sequences: 1
# Total_length: 518
# Reported_sequences: 1
# Reported_hitcount: 85
#---------------------------------------
</pre>
</td></tr></table><p>
<p><h3>File: x65923.fasta</h3>
<table width="90%"><tr><td bgcolor="#CCFFCC">
<pre>
&gt;X65923_308 %GC 50.0 Score 9 H.sapiens fau mRNA
aaaagtgagaggtcagactccta
&gt;X65923_309 %GC 50.0 Score 9 H.sapiens fau mRNA
aaagtgagaggtcagactcctaa
&gt;X65923_310 %GC 50.0 Score 9 H.sapiens fau mRNA
aagtgagaggtcagactcctaag
&gt;X65923_351 %GC 50.0 Score 9 H.sapiens fau mRNA
aagaagaagaagacaggtcgggc
&gt;X65923_166 %GC 55.0 Score 8 H.sapiens fau mRNA
aagatcaagtcgtgctcctggca
&gt;X65923_279 %GC 55.0 Score 8 H.sapiens fau mRNA
aaagttcatggttccctggcccg
&gt;X65923_330 %GC 55.0 Score 8 H.sapiens fau mRNA
aaggtggccaaacaggagaagaa
&gt;X65923_354 %GC 55.0 Score 8 H.sapiens fau mRNA
aagaagaagacaggtcgggctaa
&gt;X65923_357 %GC 55.0 Score 8 H.sapiens fau mRNA
aagaagacaggtcgggctaagcg
&gt;X65923_393 %GC 55.0 Score 8 H.sapiens fau mRNA
aaccggcgctttgtcaacgttgt
&gt;X65923_253 %GC 60.0 Score 7 H.sapiens fau mRNA
aagtagcaggccgcatgcttgga
&gt;X65923_280 %GC 60.0 Score 7 H.sapiens fau mRNA
aagttcatggttccctggcccgt
&gt;X65923_339 %GC 40.0 Score 7 H.sapiens fau mRNA
aaacaggagaagaagaagaagaa
&gt;X65923_340 %GC 40.0 Score 7 H.sapiens fau mRNA
aacaggagaagaagaagaagaag
&gt;X65923_348 %GC 40.0 Score 7 H.sapiens fau mRNA
aagaagaagaagaagacaggtcg
&gt;X65923_375 %GC 60.0 Score 7 H.sapiens fau mRNA
aagcggcggatgcagtacaaccg
&gt;X65923_408 %GC 60.0 Score 7 H.sapiens fau mRNA
aacgttgtgcccacctttggcaa
&gt;X65923_429 %GC 60.0 Score 7 H.sapiens fau mRNA
aagaagaagggccccaatgccaa
&gt;X65923_432 %GC 60.0 Score 7 H.sapiens fau mRNA
aagaagggccccaatgccaactc
&gt;X65923_435 %GC 60.0 Score 7 H.sapiens fau mRNA
aagggccccaatgccaactctta
&gt;X65923_488 %GC 40.0 Score 7 H.sapiens fau mRNA
aaaaagccacttagttcagtcaa
&gt;X65923_489 %GC 40.0 Score 7 H.sapiens fau mRNA
aaaagccacttagttcagtcaaa
&gt;X65923_490 %GC 40.0 Score 7 H.sapiens fau mRNA
aaagccacttagttcagtcaaaa
&gt;X65923_491 %GC 40.0 Score 7 H.sapiens fau mRNA
aagccacttagttcagtcaaaaa
&gt;X65923_129 %GC 55.0 Score 6 H.sapiens fau mRNA
aaggctcatgtagcctcactgga


<font color=red>  [Part of this file has been deleted for brevity]</font>

gaggccctgactaccctggaagt
&gt;X65923_259 %GC 60.0 Score 4 H.sapiens fau mRNA
caggccgcatgcttggaggtaaa
&gt;X65923_266 %GC 40.0 Score 4 H.sapiens fau mRNA
catgcttggaggtaaagttcatg
&gt;X65923_342 %GC 40.0 Score 4 H.sapiens fau mRNA
caggagaagaagaagaagaagac
&gt;X65923_347 %GC 40.0 Score 4 H.sapiens fau mRNA
gaagaagaagaagaagacaggtc
&gt;X65923_359 %GC 60.0 Score 4 H.sapiens fau mRNA
gaagacaggtcgggctaagcggc
&gt;X65923_111 %GC 55.0 Score 3 H.sapiens fau mRNA
gaaacggtcgcccagatcaaggc
&gt;X65923_113 %GC 65.0 Score 3 H.sapiens fau mRNA
aacggtcgcccagatcaaggctc
&gt;X65923_172 %GC 70.0 Score 3 H.sapiens fau mRNA
aagtcgtgctcctggcaggcgcg
&gt;X65923_443 %GC 35.0 Score 3 H.sapiens fau mRNA
caatgccaactcttaagtctttt
&gt;X65923_456 %GC 35.0 Score 3 H.sapiens fau mRNA
taagtcttttgtaattctggctt
&gt;X65923_468 %GC 30.0 Score 3 H.sapiens fau mRNA
aattctggctttctctaataaaa
&gt;X65923_484 %GC 30.0 Score 3 H.sapiens fau mRNA
aataaaaaagccacttagttcag
&gt;X65923_108 %GC 60.0 Score 2 H.sapiens fau mRNA
caggaaacggtcgcccagatcaa
&gt;X65923_135 %GC 60.0 Score 2 H.sapiens fau mRNA
catgtagcctcactggagggcat
&gt;X65923_139 %GC 60.0 Score 2 H.sapiens fau mRNA
tagcctcactggagggcattgcc
&gt;X65923_150 %GC 60.0 Score 2 H.sapiens fau mRNA
gagggcattgccccggaagatca
&gt;X65923_171 %GC 65.0 Score 2 H.sapiens fau mRNA
caagtcgtgctcctggcaggcgc
&gt;X65923_201 %GC 65.0 Score 2 H.sapiens fau mRNA
gaggatgaggccactctgggcca
&gt;X65923_204 %GC 65.0 Score 2 H.sapiens fau mRNA
gatgaggccactctgggccagtg
&gt;X65923_245 %GC 65.0 Score 2 H.sapiens fau mRNA
taccctggaagtagcaggccgca
&gt;X65923_256 %GC 65.0 Score 2 H.sapiens fau mRNA
tagcaggccgcatgcttggaggt
&gt;X65923_285 %GC 65.0 Score 2 H.sapiens fau mRNA
catggttccctggcccgtgctgg
&gt;X65923_338 %GC 35.0 Score 2 H.sapiens fau mRNA
caaacaggagaagaagaagaaga
&gt;X65923_345 %GC 35.0 Score 2 H.sapiens fau mRNA
gagaagaagaagaagaagacagg
&gt;X65923_486 %GC 35.0 Score 2 H.sapiens fau mRNA
taaaaaagccacttagttcagtc
</pre>
</td></tr></table><p>

<a name="output.2"></a>
<h3>Output files for usage example 2</h3>
<p><h3>File: x65923.sirna</h3>
<table width="90%"><tr><td bgcolor="#CCFFCC">
<pre>
########################################
# Program: sirna
# Rundate: Tue 15 Jul 2008 12:00:00
# Commandline: sirna
#    -context
#    -sequence tembl:x65923
# Report_format: table
# Report_file: x65923.sirna
########################################

#=======================================
#
# Sequence: X65923     from: 1   to: 518
# HitCount: 85
#
# The forward sense sequence shows the first 2 bases of
# the 23 base region in brackets, this should be ignored
# when ordering siRNA probes.
# CDS region found in feature table starting at 57
#
#=======================================

  Start     End  Strand   Score    GC%                 Sense_siRNA         Antisense_siRNA
    308     330       +   9.000   50.0 (AA)AAGUGAGAGGUCAGACUCCdTdT GGAGUCUGACCUCUCACUUdTdT
    309     331       +   9.000   50.0 (AA)AGUGAGAGGUCAGACUCCUdTdT AGGAGUCUGACCUCUCACUdTdT
    310     332       +   9.000   50.0 (AA)GUGAGAGGUCAGACUCCUAdTdT UAGGAGUCUGACCUCUCACdTdT
    351     373       +   9.000   50.0 (AA)GAAGAAGAAGACAGGUCGGdTdT CCGACCUGUCUUCUUCUUCdTdT
    166     188       +   8.000   55.0 (AA)GAUCAAGUCGUGCUCCUGGdTdT CCAGGAGCACGACUUGAUCdTdT
    279     301       +   8.000   55.0 (AA)AGUUCAUGGUUCCCUGGCCdTdT GGCCAGGGAACCAUGAACUdTdT
    330     352       +   8.000   55.0 (AA)GGUGGCCAAACAGGAGAAGdTdT CUUCUCCUGUUUGGCCACCdTdT
    354     376       +   8.000   55.0 (AA)GAAGAAGACAGGUCGGGCUdTdT AGCCCGACCUGUCUUCUUCdTdT
    357     379       +   8.000   55.0 (AA)GAAGACAGGUCGGGCUAAGdTdT CUUAGCCCGACCUGUCUUCdTdT
    393     415       +   8.000   55.0 (AA)CCGGCGCUUUGUCAACGUUdTdT AACGUUGACAAAGCGCCGGdTdT
    253     275       +   7.000   60.0 (AA)GUAGCAGGCCGCAUGCUUGdTdT CAAGCAUGCGGCCUGCUACdTdT
    280     302       +   7.000   60.0 (AA)GUUCAUGGUUCCCUGGCCCdTdT GGGCCAGGGAACCAUGAACdTdT
    339     361       +   7.000   40.0 (AA)ACAGGAGAAGAAGAAGAAGdTdT CUUCUUCUUCUUCUCCUGUdTdT
    340     362       +   7.000   40.0 (AA)CAGGAGAAGAAGAAGAAGAdTdT UCUUCUUCUUCUUCUCCUGdTdT
    348     370       +   7.000   40.0 (AA)GAAGAAGAAGAAGACAGGUdTdT ACCUGUCUUCUUCUUCUUCdTdT
    375     397       +   7.000   60.0 (AA)GCGGCGGAUGCAGUACAACdTdT GUUGUACUGCAUCCGCCGCdTdT
    408     430       +   7.000   60.0 (AA)CGUUGUGCCCACCUUUGGCdTdT GCCAAAGGUGGGCACAACGdTdT
    429     451       +   7.000   60.0 (AA)GAAGAAGGGCCCCAAUGCCdTdT GGCAUUGGGGCCCUUCUUCdTdT
    432     454       +   7.000   60.0 (AA)GAAGGGCCCCAAUGCCAACdTdT GUUGGCAUUGGGGCCCUUCdTdT
    435     457       +   7.000   60.0 (AA)GGGCCCCAAUGCCAACUCUdTdT AGAGUUGGCAUUGGGGCCCdTdT
    488     510       +   7.000   40.0 (AA)AAAGCCACUUAGUUCAGUCdTdT GACUGAACUAAGUGGCUUUdTdT
    489     511       +   7.000   40.0 (AA)AAGCCACUUAGUUCAGUCAdTdT UGACUGAACUAAGUGGCUUdTdT
    490     512       +   7.000   40.0 (AA)AGCCACUUAGUUCAGUCAAdTdT UUGACUGAACUAAGUGGCUdTdT
    491     513       +   7.000   40.0 (AA)GCCACUUAGUUCAGUCAAAdTdT UUUGACUGAACUAAGUGGCdTdT
    129     151       +   6.000   55.0 (AA)GGCUCAUGUAGCCUCACUGdTdT CAGUGAGGCUACAUGAGCCdTdT
    165     187       +   6.000   50.0 (GA)AGAUCAAGUCGUGCUCCUGdTdT CAGGAGCACGACUUGAUCUdTdT
    278     300       +   6.000   50.0 (UA)AAGUUCAUGGUUCCCUGGCdTdT GCCAGGGAACCAUGAACUUdTdT


<font color=red>  [Part of this file has been deleted for brevity]</font>

    374     396       +   5.000   55.0 (UA)AGCGGCGGAUGCAGUACAAdTdT UUGUACUGCAUCCGCCGCUdTdT
    383     405       +   5.000   55.0 (GA)UGCAGUACAACCGGCGCUUdTdT AAGCGCCGGUUGUACUGCAdTdT
    387     409       +   5.000   55.0 (CA)GUACAACCGGCGCUUUGUCdTdT GACAAAGCGCCGGUUGUACdTdT
    390     412       +   5.000   55.0 (UA)CAACCGGCGCUUUGUCAACdTdT GUUGACAAAGCGCCGGUUGdTdT
    392     414       +   5.000   55.0 (CA)ACCGGCGCUUUGUCAACGUdTdT ACGUUGACAAAGCGCCGGUdTdT
    407     429       +   5.000   55.0 (CA)ACGUUGUGCCCACCUUUGGdTdT CCAAAGGUGGGCACAACGUdTdT
    428     450       +   5.000   55.0 (CA)AGAAGAAGGGCCCCAAUGCdTdT GCAUUGGGGCCCUUCUUCUdTdT
    431     453       +   5.000   55.0 (GA)AGAAGGGCCCCAAUGCCAAdTdT UUGGCAUUGGGGCCCUUCUdTdT
    434     456       +   5.000   60.0 (GA)AGGGCCCCAAUGCCAACUCdTdT GAGUUGGCAUUGGGGCCCUdTdT
    444     466       +   5.000   35.0 (AA)UGCCAACUCUUAAGUCUUUdTdT AAAGACUUAAGAGUUGGCAdTdT
    487     509       +   5.000   35.0 (AA)AAAAGCCACUUAGUUCAGUdTdT ACUGAACUAAGUGGCUUUUdTdT
    123     145       +   4.000   50.0 (CA)GAUCAAGGCUCAUGUAGCCdTdT GGCUACAUGAGCCUUGAUCdTdT
    125     147       +   4.000   50.0 (GA)UCAAGGCUCAUGUAGCCUCdTdT GAGGCUACAUGAGCCUUGAdTdT
    128     150       +   4.000   50.0 (CA)AGGCUCAUGUAGCCUCACUdTdT AGUGAGGCUACAUGAGCCUdTdT
    155     177       +   4.000   50.0 (CA)UUGCCCCGGAAGAUCAAGUdTdT ACUUGAUCUUCCGGGGCAAdTdT
    234     256       +   4.000   60.0 (GA)GGCCCUGACUACCCUGGAAdTdT UUCCAGGGUAGUCAGGGCCdTdT
    259     281       +   4.000   60.0 (CA)GGCCGCAUGCUUGGAGGUAdTdT UACCUCCAAGCAUGCGGCCdTdT
    266     288       +   4.000   40.0 (CA)UGCUUGGAGGUAAAGUUCAdTdT UGAACUUUACCUCCAAGCAdTdT
    342     364       +   4.000   40.0 (CA)GGAGAAGAAGAAGAAGAAGdTdT CUUCUUCUUCUUCUUCUCCdTdT
    347     369       +   4.000   40.0 (GA)AGAAGAAGAAGAAGACAGGdTdT CCUGUCUUCUUCUUCUUCUdTdT
    359     381       +   4.000   60.0 (GA)AGACAGGUCGGGCUAAGCGdTdT CGCUUAGCCCGACCUGUCUdTdT
    111     133       +   3.000   55.0 (GA)AACGGUCGCCCAGAUCAAGdTdT CUUGAUCUGGGCGACCGUUdTdT
    113     135       +   3.000   65.0 (AA)CGGUCGCCCAGAUCAAGGCdTdT GCCUUGAUCUGGGCGACCGdTdT
    172     194       +   3.000   70.0 (AA)GUCGUGCUCCUGGCAGGCGdTdT CGCCUGCCAGGAGCACGACdTdT
    443     465       +   3.000   35.0 (CA)AUGCCAACUCUUAAGUCUUdTdT AAGACUUAAGAGUUGGCAUdTdT
    456     478       +   3.000   35.0 (UA)AGUCUUUUGUAAUUCUGGCdTdT GCCAGAAUUACAAAAGACUdTdT
    468     490       +   3.000   30.0 (AA)UUCUGGCUUUCUCUAAUAAdTdT UUAUUAGAGAAAGCCAGAAdTdT
    484     506       +   3.000   30.0 (AA)UAAAAAAGCCACUUAGUUCdTdT GAACUAAGUGGCUUUUUUAdTdT
    108     130       +   2.000   60.0 (CA)GGAAACGGUCGCCCAGAUCdTdT GAUCUGGGCGACCGUUUCCdTdT
    135     157       +   2.000   60.0 (CA)UGUAGCCUCACUGGAGGGCdTdT GCCCUCCAGUGAGGCUACAdTdT
    139     161       +   2.000   60.0 (UA)GCCUCACUGGAGGGCAUUGdTdT CAAUGCCCUCCAGUGAGGCdTdT
    150     172       +   2.000   60.0 (GA)GGGCAUUGCCCCGGAAGAUdTdT AUCUUCCGGGGCAAUGCCCdTdT
    171     193       +   2.000   65.0 (CA)AGUCGUGCUCCUGGCAGGCdTdT GCCUGCCAGGAGCACGACUdTdT
    201     223       +   2.000   65.0 (GA)GGAUGAGGCCACUCUGGGCdTdT GCCCAGAGUGGCCUCAUCCdTdT
    204     226       +   2.000   65.0 (GA)UGAGGCCACUCUGGGCCAGdTdT CUGGCCCAGAGUGGCCUCAdTdT
    245     267       +   2.000   65.0 (UA)CCCUGGAAGUAGCAGGCCGdTdT CGGCCUGCUACUUCCAGGGdTdT
    256     278       +   2.000   65.0 (UA)GCAGGCCGCAUGCUUGGAGdTdT CUCCAAGCAUGCGGCCUGCdTdT
    285     307       +   2.000   65.0 (CA)UGGUUCCCUGGCCCGUGCUdTdT AGCACGGGCCAGGGAACCAdTdT
    338     360       +   2.000   35.0 (CA)AACAGGAGAAGAAGAAGAAdTdT UUCUUCUUCUUCUCCUGUUdTdT
    345     367       +   2.000   35.0 (GA)GAAGAAGAAGAAGAAGACAdTdT UGUCUUCUUCUUCUUCUUCdTdT
    486     508       +   2.000   35.0 (UA)AAAAAGCCACUUAGUUCAGdTdT CUGAACUAAGUGGCUUUUUdTdT

#---------------------------------------
#---------------------------------------

#---------------------------------------
# Total_sequences: 1
# Total_length: 518
# Reported_sequences: 1
# Reported_hitcount: 85
#---------------------------------------
</pre>
</td></tr></table><p>
