
<a name="output.1"></a>
<h3>Output files for usage example </h3>
<p><h3>File: globins.swiss</h3>
<table width="90%"><tr><td bgcolor="#CCFFCC">
<pre>
ID   HBA_HUMAN               Reviewed;         141 AA.
DE   Sw:Hba_Human =&gt; HBA_HUMAN
SQ   SEQUENCE   141 AA;  15126 MW;  34D13618E62A33C1 CRC64;
     VLSPADKTNV KAAWGKVGAH AGEYGAEALE RMFLSFPTTK TYFPHFDLSH GSAQVKGHGK
     KVADALTNAV AHVDDMPNAL SALSDLHAHK LRVDPVNFKL LSHCLLVTLA AHLPAEFTPA
     VHASLDKFLA SVSTVLTSKY R
//
ID   HBA_HORSE               Reviewed;         141 AA.
DE   Sw:Hba_Horse =&gt; HBA_HORSE
SQ   SEQUENCE   141 AA;  15114 MW;  128B9100A4D8457A CRC64;
     VLSAADKTNV KAAWSKVGGH AGEYGAEALE RMFLGFPTTK TYFPHFDLSH GSAQVKAHGK
     KVGDALTLAV GHLDDLPGAL SNLSDLHAHK LRVDPVNFKL LSHCLLSTLA VHLPNDFTPA
     VHASLDKFLS SVSTVLTSKY R
//
ID   HBB_HUMAN               Reviewed;         146 AA.
DE   Sw:Hbb_Human =&gt; HBB_HUMAN
SQ   SEQUENCE   146 AA;  15867 MW;  EACBC707CFD466A1 CRC64;
     VHLTPEEKSA VTALWGKVNV DEVGGEALGR LLVVYPWTQR FFESFGDLST PDAVMGNPKV
     KAHGKKVLGA FSDGLAHLDN LKGTFATLSE LHCDKLHVDP ENFRLLGNVL VCVLAHHFGK
     EFTPPVQAAY QKVVAGVANA LAHKYH
//
ID   HBB_HORSE               Reviewed;         146 AA.
DE   Sw:Hbb_Horse =&gt; HBB_HORSE
SQ   SEQUENCE   146 AA;  16008 MW;  734664793DA642EE CRC64;
     VQLSGEEKAA VLALWDKVNE EEVGGEALGR LLVVYPWTQR FFDSFGDLSN PGAVMGNPKV
     KAHGKKVLHS FGEGVHHLDN LKGTFAALSE LHCDKLHVDP ENFRLLGNVL VVVLARHFGK
     DFTPELQASY QKVVAGVANA LAHKYH
//
ID   GLB5_PETMA              Reviewed;         149 AA.
DE   Sw:Glb5_Petma =&gt; GLB5_PETMA
SQ   SEQUENCE   149 AA;  16270 MW;  CD2305FB92DACD59 CRC64;
     PIVDTGSVAP LSAAEKTKIR SAWAPVYSTY ETSGVDILVK FFTSTPAAQE FFPKFKGLTT
     ADQLKKSADV RWHAERIINA VNDAVASMDD TEKMSMKLRD LSGKHAKSFQ VDPQYFKVLA
     AVIADTVAAG DAGFEKLMSM ICILLRSAY
//
ID   LGB2_LUPLU              Reviewed;         153 AA.
DE   Sw:Lgb2_Luplu =&gt; LGB2_LUPLU
SQ   SEQUENCE   153 AA;  16652 MW;  FE29AB9DEF33AFC8 CRC64;
     GALTESQAAL VKSSWEEFNA NIPKHTHRFF ILVLEIAPAA KDLFSFLKGT SEVPQNNPEL
     QAHAGKVFKL VYEAAIQLQV TGVVVTDATL KNLGSVHVSK GVADAHFPVV KEAILKTIKE
     VVGAKWSEEL NSAWTIAYDE LAIVIKKEMN DAA
//
ID   MYG_PHYCA               Reviewed;         153 AA.
DE   Sw:Myg_Phyca =&gt; MYG_PHYCA
SQ   SEQUENCE   153 AA;  17200 MW;  543D385C66FEE1E1 CRC64;
     VLSEGEWQLV LHVWAKVEAD VAGHGQDILI RLFKSHPETL EKFDRFKHLK TEAEMKASED
     LKKHGVTVLT ALGAILKKKG HHEAELKPLA QSHATKHKIP IKYLEFISEA IIHVLHSRHP
     GDFGADAQGA MNKALELFRK DIAAKYKELG YQG
//
</pre>
</td></tr></table><p>
