
<a name="output.1"></a>
<h3>Output files for usage example </h3>
<p><h3>File: 12s1_arath.textsearch</h3>
<table width="90%"><tr><td bgcolor="#CCFFCC">
<pre>
# Search for: lactose
tsw-id:LACI_ECOLI LACI_ECOLI    P03023	Lactose operon repressor
tsw-id:LACY_ECOLI LACY_ECOLI    P02920	Lactose permease (Lactose-proton symport)
</pre>
</td></tr></table><p>

<a name="output.2"></a>
<h3>Output files for usage example 2</h3>
<p><h3>File: bgal_ecoli.textsearch</h3>
<table width="90%"><tr><td bgcolor="#CCFFCC">
<pre>
# Search for: lactose | permease
tsw-id:LACI_ECOLI LACI_ECOLI    P03023	Lactose operon repressor
tsw-id:LACY_ECOLI LACY_ECOLI    P02920	Lactose permease (Lactose-proton symport)
</pre>
</td></tr></table><p>

<a name="output.3"></a>
<h3>Output files for usage example 3</h3>
<p><h3>File: embl.lacz.html</h3>
<table width="90%"><tr><td bgcolor="#CCFFCC">
<table border cellpadding=4 bgcolor="#FFFFF0">
<tr>Search for: lacz</tr>
<tr><td>tembl-id:J01636</td><td>J01636</td><td>J01636</td>	<td>E.coli lactose operon with lacI, lacZ, lacY and lacA genes.</td></tr>
<tr><td>tembl-id:V00296</td><td>V00296</td><td>V00296</td>	<td>E. coli gene lacZ coding for beta-galactosidase (EC 3.2.1.23).</td></tr>
</table>
</td></tr></table><p>
