
<a name="output.1"></a>
<h3>Output files for usage example </h3>
<p><h3>File: outfile.whichdb</h3>
<table width="90%"><tr><td bgcolor="#CCFFCC">
<pre>
# Trying 'bpembl:x65923'
bpembl:x65923
# Trying 'bpgb:x65923'
bpgb:x65923
# Trying 'bpsw:x65923'
# Failed 'bpsw:x65923'
# Trying 'bpworm:x65923'
# Failed 'bpworm:x65923'
# Trying 'ena:x65923'
ena:x65923
# Trying 'qanfasta:x65923'
# Failed 'qanfasta:x65923'
# Trying 'qanfastaall:x65923'
# Failed 'qanfastaall:x65923'
# Trying 'qanflat:x65923'
# Failed 'qanflat:x65923'
# Trying 'qanflatall:x65923'
qanflatall:x65923
# Trying 'qanflatexc:x65923'
qanflatexc:x65923
# Trying 'qanflatinc:x65923'
# Failed 'qanflatinc:x65923'
# Trying 'qangcg:x65923'
qangcg:x65923
# Trying 'qangcgall:x65923'
qangcgall:x65923
# Trying 'qangcgexc:x65923'
qangcgexc:x65923
# Trying 'qangcginc:x65923'
# Failed 'qangcginc:x65923'
# Trying 'qanxfasta:x65923'
# Failed 'qanxfasta:x65923'
# Trying 'qanxfastaall:x65923'
# Failed 'qanxfastaall:x65923'
# Trying 'qanxflat:x65923'
# Failed 'qanxflat:x65923'
# Trying 'qanxflatall:x65923'
qanxflatall:x65923
# Trying 'qanxflatexc:x65923'
qanxflatexc:x65923
# Trying 'qanxflatinc:x65923'
# Failed 'qanxflatinc:x65923'
# Trying 'qanxgcg:x65923'
qanxgcg:x65923
# Trying 'qanxgcgall:x65923'
qanxgcgall:x65923
# Trying 'qanxgcgexc:x65923'
qanxgcgexc:x65923
# Trying 'qanxgcginc:x65923'
# Failed 'qanxgcginc:x65923'


<font color=red>  [Part of this file has been deleted for brevity]</font>

# Failed 'qapir:x65923'
# Trying 'qapirall:x65923'
# Failed 'qapirall:x65923'
# Trying 'qapirexc:x65923'
# Failed 'qapirexc:x65923'
# Trying 'qapirinc:x65923'
# Failed 'qapirinc:x65923'
# Trying 'qapxfasta:x65923'
# Failed 'qapxfasta:x65923'
# Trying 'qapxflat:x65923'
# Failed 'qapxflat:x65923'
# Trying 'qasrswww:x65923'
# Failed 'qasrswww:x65923'
# Trying 'qawfasta:x65923'
# Failed 'qawfasta:x65923'
# Trying 'qawxfasta:x65923'
# Failed 'qawxfasta:x65923'
# Trying 'qaxembl:x65923'
qaxembl:x65923
# Trying 'qaxpir:x65923'
# Failed 'qaxpir:x65923'
# Trying 'qaxpirall:x65923'
# Failed 'qaxpirall:x65923'
# Trying 'qaxpirexc:x65923'
# Failed 'qaxpirexc:x65923'
# Trying 'qaxpirinc:x65923'
# Failed 'qaxpirinc:x65923'
# Trying 'tembl:x65923'
tembl:x65923
# Trying 'temblall:x65923'
temblall:x65923
# Trying 'temblrest:x65923'
# Failed 'temblrest:x65923'
# Trying 'temblvrt:x65923'
temblvrt:x65923
# Trying 'tensembldasgrch37:x65923'
# Failed 'tensembldasgrch37:x65923'
# Trying 'testdb:x65923'
# Failed 'testdb:x65923'
# Trying 'tgb:x65923'
tgb:x65923
# Trying 'tgenbank:x65923'
tgenbank:x65923
# Trying 'tgenedashuman:x65923'
# Failed 'tgenedashuman:x65923'
# Trying 'tpir:x65923'
# Failed 'tpir:x65923'
# Trying 'tsw:x65923'
# Failed 'tsw:x65923'
# Trying 'tswnew:x65923'
# Failed 'tswnew:x65923'
</pre>
</td></tr></table><p>
