
<a name="output.1"></a>
<h3>Output files for usage example </h3>
<p><h3>File: hba_human.wordmatch</h3>
<table width="90%"><tr><td bgcolor="#CCFFCC">
<pre>
########################################
# Program: wordmatch
# Rundate: Tue 15 Jul 2008 12:00:00
# Commandline: wordmatch
#    [-asequence] tsw:hba_human
#    [-bsequence] tsw:hbb_human
# Align_format: match
# Report_file: hba_human.wordmatch
########################################

#=======================================
#
# Aligned_sequences: 2
# 1: HBA_HUMAN
# 2: HBB_HUMAN
#=======================================

     5 HBA_HUMAN       +       59..63       HBB_HUMAN       +       64..68
     4 HBA_HUMAN       +       15..18       HBB_HUMAN       +       16..19
     4 HBA_HUMAN       +      117..120      HBB_HUMAN       +      122..125

#---------------------------------------
#---------------------------------------
</pre>
</td></tr></table><p>
<p><h3>File: HBA_HUMAN.gff</h3>
<table width="90%"><tr><td bgcolor="#CCFFCC">
<pre>
##gff-version 3
##sequence-region HBA_HUMAN 1 142
#!Date 2008-07-15
#!Type Protein
#!Source-version EMBOSS 6.1.0
HBA_HUMAN	wordmatch	polypeptide_region	59	63	1.000	+	.	ID="HBA_HUMAN.1";note="HBB_HUMAN"
HBA_HUMAN	wordmatch	polypeptide_region	15	18	1.000	+	.	ID="HBA_HUMAN.2";note="HBB_HUMAN"
HBA_HUMAN	wordmatch	polypeptide_region	117	120	1.000	+	.	ID="HBA_HUMAN.3";note="HBB_HUMAN"
</pre>
</td></tr></table><p>
<p><h3>File: HBB_HUMAN.gff</h3>
<table width="90%"><tr><td bgcolor="#CCFFCC">
<pre>
##gff-version 3
##sequence-region HBB_HUMAN 1 147
#!Date 2008-07-15
#!Type Protein
#!Source-version EMBOSS 6.1.0
HBB_HUMAN	wordmatch	polypeptide_region	64	68	1.000	+	.	ID="HBB_HUMAN.1";note="HBA_HUMAN"
HBB_HUMAN	wordmatch	polypeptide_region	16	19	1.000	+	.	ID="HBB_HUMAN.2";note="HBA_HUMAN"
HBB_HUMAN	wordmatch	polypeptide_region	122	125	1.000	+	.	ID="HBB_HUMAN.3";note="HBA_HUMAN"
</pre>
</td></tr></table><p>
