
<a name="output.1"></a>
<h3>Output files for usage example </h3>
<p><h3>File: u68037.wordcount</h3>
<table width="90%"><tr><td bgcolor="#CCFFCC">
<pre>
ctg	54
gcc	53
tgg	53
ggc	51
gct	47
cgc	47
gtg	40
tgc	39
cct	38
gcg	36
cca	29
ggg	26
tcc	25
ctt	25
cag	25
ccc	24
ggt	24
ctc	23
tgt	23
ccg	22
gca	22
cgt	22
cac	22
agc	21
ttg	19
acg	19
cgg	19
tcg	18
ttc	17
cat	17
agg	17
gag	16
act	16
gtc	16
aac	15
tct	14
atc	14
gga	14
tca	13
cta	13
atg	12
acc	11
gta	11
gtt	11
aca	10
tga	10
caa	10
tac	10
gac	9
tag	9
agt	9
ttt	8
cga	7
gat	6
taa	6
aga	5
tat	5
gaa	4
aat	3
tta	3
ata	3
att	3
aag	2
aaa	1
</pre>
</td></tr></table><p>
