
<a name="output.5"></a>
<h3>Output files for usage example 5</h3>
<p><h3>File: wossname.html</h3>
<table width="90%"><tr><td bgcolor="#CCFFCC">
&lt;h2&gt;&lt;a name="ACD"&gt;ACD&lt;/a&gt;&lt;/h2&gt;
&lt;table border cellpadding=4 bgcolor="#FFFFF0"&gt;
&lt;tr&gt;&lt;th&gt;Program name&lt;/th&gt;&lt;th&gt;Description&lt;/th&gt;&lt;/tr&gt;
&lt;tr&gt;
&lt;td&gt;&lt;a href="acdc.html"&gt;acdc&lt;/a&gt;&lt;/td&gt;
&lt;td&gt;ACD compiler&lt;/td&gt;
&lt;/tr&gt;

&lt;tr&gt;
&lt;td&gt;&lt;a href="acdpretty.html"&gt;acdpretty&lt;/a&gt;&lt;/td&gt;
&lt;td&gt;ACD pretty printing utility&lt;/td&gt;
&lt;/tr&gt;

&lt;tr&gt;
&lt;td&gt;&lt;a href="acdtable.html"&gt;acdtable&lt;/a&gt;&lt;/td&gt;
&lt;td&gt;Creates an HTML table from an ACD file&lt;/td&gt;
&lt;/tr&gt;

&lt;tr&gt;
&lt;td&gt;&lt;a href="acdtrace.html"&gt;acdtrace&lt;/a&gt;&lt;/td&gt;
&lt;td&gt;ACD compiler on-screen trace&lt;/td&gt;
&lt;/tr&gt;

&lt;tr&gt;
&lt;td&gt;&lt;a href="acdvalid.html"&gt;acdvalid&lt;/a&gt;&lt;/td&gt;
&lt;td&gt;ACD file validation&lt;/td&gt;
&lt;/tr&gt;

&lt;/table&gt;
&lt;h2&gt;&lt;a name="ALIGNMENT CONSENSUS"&gt;ALIGNMENT CONSENSUS&lt;/a&gt;&lt;/h2&gt;
&lt;table border cellpadding=4 bgcolor="#FFFFF0"&gt;
&lt;tr&gt;&lt;th&gt;Program name&lt;/th&gt;&lt;th&gt;Description&lt;/th&gt;&lt;/tr&gt;
&lt;tr&gt;
&lt;td&gt;&lt;a href="cons.html"&gt;cons&lt;/a&gt;&lt;/td&gt;
&lt;td&gt;Creates a consensus from multiple alignments&lt;/td&gt;
&lt;/tr&gt;

&lt;tr&gt;
&lt;td&gt;&lt;a href="megamerger.html"&gt;megamerger&lt;/a&gt;&lt;/td&gt;
&lt;td&gt;Merge two large overlapping nucleic acid sequences&lt;/td&gt;
&lt;/tr&gt;

&lt;tr&gt;
&lt;td&gt;&lt;a href="merger.html"&gt;merger&lt;/a&gt;&lt;/td&gt;
&lt;td&gt;Merge two overlapping sequences&lt;/td&gt;
&lt;/tr&gt;

&lt;/table&gt;
&lt;h2&gt;&lt;a name="ALIGNMENT DIFFERENCES"&gt;ALIGNMENT DIFFERENCES&lt;/a&gt;&lt;/h2&gt;
&lt;table border cellpadding=4 bgcolor="#FFFFF0"&gt;


<font color=red>  [Part of this file has been deleted for brevity]</font>

&lt;tr&gt;&lt;th&gt;Program name&lt;/th&gt;&lt;th&gt;Description&lt;/th&gt;&lt;/tr&gt;
&lt;tr&gt;
&lt;td&gt;&lt;a href="dbiblast.html"&gt;dbiblast&lt;/a&gt;&lt;/td&gt;
&lt;td&gt;Index a BLAST database&lt;/td&gt;
&lt;/tr&gt;

&lt;tr&gt;
&lt;td&gt;&lt;a href="dbifasta.html"&gt;dbifasta&lt;/a&gt;&lt;/td&gt;
&lt;td&gt;Database indexing for fasta file databases&lt;/td&gt;
&lt;/tr&gt;

&lt;tr&gt;
&lt;td&gt;&lt;a href="dbiflat.html"&gt;dbiflat&lt;/a&gt;&lt;/td&gt;
&lt;td&gt;Index a flat file database&lt;/td&gt;
&lt;/tr&gt;

&lt;tr&gt;
&lt;td&gt;&lt;a href="dbigcg.html"&gt;dbigcg&lt;/a&gt;&lt;/td&gt;
&lt;td&gt;Index a GCG formatted database&lt;/td&gt;
&lt;/tr&gt;

&lt;tr&gt;
&lt;td&gt;&lt;a href="dbxfasta.html"&gt;dbxfasta&lt;/a&gt;&lt;/td&gt;
&lt;td&gt;Database b+tree indexing for fasta file databases&lt;/td&gt;
&lt;/tr&gt;

&lt;tr&gt;
&lt;td&gt;&lt;a href="dbxflat.html"&gt;dbxflat&lt;/a&gt;&lt;/td&gt;
&lt;td&gt;Database b+tree indexing for flat file databases&lt;/td&gt;
&lt;/tr&gt;

&lt;tr&gt;
&lt;td&gt;&lt;a href="dbxgcg.html"&gt;dbxgcg&lt;/a&gt;&lt;/td&gt;
&lt;td&gt;Database b+tree indexing for GCG formatted databases&lt;/td&gt;
&lt;/tr&gt;

&lt;/table&gt;
&lt;h2&gt;&lt;a name="UTILS MISC"&gt;UTILS MISC&lt;/a&gt;&lt;/h2&gt;
&lt;table border cellpadding=4 bgcolor="#FFFFF0"&gt;
&lt;tr&gt;&lt;th&gt;Program name&lt;/th&gt;&lt;th&gt;Description&lt;/th&gt;&lt;/tr&gt;
&lt;tr&gt;
&lt;td&gt;&lt;a href="embossdata.html"&gt;embossdata&lt;/a&gt;&lt;/td&gt;
&lt;td&gt;Finds or fetches data files read by EMBOSS programs&lt;/td&gt;
&lt;/tr&gt;

&lt;tr&gt;
&lt;td&gt;&lt;a href="embossversion.html"&gt;embossversion&lt;/a&gt;&lt;/td&gt;
&lt;td&gt;Writes the current EMBOSS version number&lt;/td&gt;
&lt;/tr&gt;

&lt;/table&gt;
</td></tr></table><p>
