This is pdfeTeX, Version 3.141592-1.21a-2.2 (Web2C 7.5.4) (format=latex 2007.4.16)  26 APR 2007 16:49
entering extended mode
**admin
(./admin.tex
LaTeX2e <2003/12/01>
Babel <v3.8d> and hyphenation patterns for american, french, german, ngerman, b
ahasa, basque, bulgarian, catalan, croatian, czech, danish, dutch, esperanto, e
stonian, finnish, greek, icelandic, irish, italian, latin, magyar, norsk, polis
h, portuges, romanian, russian, serbian, slovak, slovene, spanish, swedish, tur
kish, ukrainian, nohyphenation, loaded.
(/usr/share/texmf/tex/latex/base/report.cls
Document Class: report 2004/02/16 v1.4f Standard LaTeX document class
(/usr/share/texmf/tex/latex/base/size10.clo
File: size10.clo 2004/02/16 v1.4f Standard LaTeX file (size option)
)
\c@part=\count79
\c@chapter=\count80
\c@section=\count81
\c@subsection=\count82
\c@subsubsection=\count83
\c@paragraph=\count84
\c@subparagraph=\count85
\c@figure=\count86
\c@table=\count87
\abovecaptionskip=\skip41
\belowcaptionskip=\skip42
\bibindent=\dimen102
)
(/usr/share/texmf/tex/latex/tools/verbatim.sty
Package: verbatim 2003/08/22 v1.5q LaTeX2e package for verbatim enhancements
\every@verbatim=\toks14
\verbatim@line=\toks15
\verbatim@in@stream=\read1
) (./emboss.sty
Package: emboss 
) (./admin.aux)
\openout1 = `admin.aux'.

LaTeX Font Info:    Checking defaults for OML/cmm/m/it on input line 5.
LaTeX Font Info:    ... okay on input line 5.
LaTeX Font Info:    Checking defaults for T1/cmr/m/n on input line 5.
LaTeX Font Info:    ... okay on input line 5.
LaTeX Font Info:    Checking defaults for OT1/cmr/m/n on input line 5.
LaTeX Font Info:    ... okay on input line 5.
LaTeX Font Info:    Checking defaults for OMS/cmsy/m/n on input line 5.
LaTeX Font Info:    ... okay on input line 5.
LaTeX Font Info:    Checking defaults for OMX/cmex/m/n on input line 5.
LaTeX Font Info:    ... okay on input line 5.
LaTeX Font Info:    Checking defaults for U/cmr/m/n on input line 5.
LaTeX Font Info:    ... okay on input line 5.
LaTeX Font Info:    External font `cmex10' loaded for size
(Font)              <12> on input line 12.
LaTeX Font Info:    External font `cmex10' loaded for size
(Font)              <8> on input line 12.
LaTeX Font Info:    External font `cmex10' loaded for size
(Font)              <6> on input line 12.

[1

]
LaTeX Font Info:    External font `cmex10' loaded for size
(Font)              <7> on input line 18.
LaTeX Font Info:    External font `cmex10' loaded for size
(Font)              <5> on input line 18.
 [1] (./admin.toc [2

])
\tf@toc=\write3
\openout3 = `admin.toc'.

 [3]
 1.
[4

] [5]
 2.
[6

]
Underfull \hbox (badness 1137) in paragraph at lines 191--195
[]\OT1/cmr/m/n/10 A new di-rec-tory \OT1/cmss/m/sl/10 emboss.open-bio.org \OT1/
cmr/m/n/10 has been cre-ated and EM-BOSS can be found at
 []

[7]
Overfull \hbox (27.64272pt too wide) in paragraph at lines 286--289
[]\OT1/cmr/m/n/10 GD) http://www.boutell.com/gd/ Z) http://www.mirror.ac.uk/sit
es/ftp.cdrom.com/pub/infozip/zlib/
 []


Overfull \hbox (34.42168pt too wide) in paragraph at lines 294--299
\OT1/cmr/m/n/10 zip.org/pub/infozip/zlib/zlib-1.1.3.tar.gz PNG) ftp://swrinde.n
de.swri.edu/pub/png/src/libpng.1.2.1.tar.gz
 []

[8]
Overfull \hbox (39.25284pt too wide) in paragraph at lines 312--318
[]\OT1/cmss/m/sl/10 http://www.mirror.ac.uk/sites/ftp.cdrom.com/pub/infozip/zli
b/ [] http://www.info-zip.org/pub/infozip/zlib/
 []

[9]
Underfull \hbox (badness 4181) in paragraph at lines 443--454
[]\OT1/cmr/m/n/10 will in-stall \OT1/cmss/bx/n/10 EM-BOSS \OT1/cmr/m/n/10 un-de
r \OT1/cmss/m/sl/10 /site/prog/emboss\OT1/cmr/m/n/10 . The bi-na-ries will be i
n-stalled in
 []

[10] [11]
LaTeX Font Info:    Try loading font information for OMS+cmr on input line 569.

 (/usr/share/texmf/tex/latex/base/omscmr.fd
File: omscmr.fd 1999/05/25 v2.5h Standard LaTeX font definitions
)
LaTeX Font Info:    Font shape `OMS/cmr/m/n' in size <10> not available
(Font)              Font shape `OMS/cmsy/m/n' tried instead on input line 569.

Underfull \hbox (badness 1158) in paragraph at lines 570--574
[]\OT1/cmr/m/n/10 define \OT1/cmss/m/sl/10 COM-PILER[]DEFAULTS[]PATH \OT1/cmr/m
/n/10 ap-pro-pri-ately (see \OT1/cmss/m/sl/10 pe[]environ\OT1/cmr/m/n/10 ) to l
ook for a \OT1/cmss/m/sl/10 com-
 []

[12] [13] [14] [15]
 3.
[16

] [17] [18] [19] [20] [21] [22] [23] [24] [25] [26] [27] [28] [29] [30]
[31] [32] [33] [34]
 4.
[35

]
 5.

Overfull \hbox (2.83832pt too wide) in paragraph at lines 2269--2272
[]\OT1/cmr/m/n/10 Detailed doc-u-men-ta-tion on in-stal-la-tion of \OT1/cmss/bx
/n/10 EM-BOSS \OT1/cmr/m/n/10 on FreeBSD.[] 
 []

[36

] [37] [38] [39]
 6.
[40

] [41] [42] [43] [44] [45] [46]
 7.
[47

] (./admin.aux) ) 
Here is how much of TeX's memory you used:
 351 strings out of 94501
 3979 string characters out of 1176789
 53348 words of memory out of 1000000
 3570 multiletter control sequences out of 10000+50000
 14746 words of font info for 51 fonts, out of 500000 for 2000
 580 hyphenation exceptions out of 1000
 25i,11n,20p,178b,255s stack positions out of 1500i,500n,5000p,200000b,5000s

Output written on admin.dvi (48 pages, 144504 bytes).
